#
# There is insufficient memory for the Java Runtime Environment to continue.
# Native memory allocation (malloc) failed to allocate 1333296 bytes for Chunk::new
# Possible reasons:
#   The system is out of physical RAM or swap space
#   The process is running with CompressedOops enabled, and the Java Heap may be blocking the growth of the native heap
# Possible solutions:
#   Reduce memory load on the system
#   Increase physical memory or swap space
#   Check if swap backing store is full
#   Decrease Java heap size (-Xmx/-Xms)
#   Decrease number of Java threads
#   Decrease Java thread stack sizes (-Xss)
#   Set larger code cache with -XX:ReservedCodeCacheSize=
#   JVM is running with Unscaled Compressed Oops mode in which the Java heap is
#     placed in the first 4GB address space. The Java Heap base address is the
#     maximum limit for the native heap growth. Please use -XX:HeapBaseMinAddress
#     to set the Java Heap base and to place the Java Heap above 4GB virtual address.
# This output file may be truncated or incomplete.
#
#  Out of Memory Error (arena.cpp:189), pid=5364, tid=3892
#
# JRE version: Java(TM) SE Runtime Environment (17.0.2+8) (build 17.0.2+8-LTS-86)
# Java VM: Java HotSpot(TM) 64-Bit Server VM (17.0.2+8-LTS-86, mixed mode, sharing, tiered, compressed oops, compressed class ptrs, g1 gc, windows-amd64)
# No core dump will be written. Minidumps are not enabled by default on client versions of Windows
#

---------------  S U M M A R Y ------------

Command Line: --add-opens=java.base/java.util=ALL-UNNAMED --add-opens=java.base/java.lang=ALL-UNNAMED --add-opens=java.base/java.lang.invoke=ALL-UNNAMED --add-opens=java.prefs/java.util.prefs=ALL-UNNAMED --add-opens=java.base/java.nio.charset=ALL-UNNAMED --add-opens=java.base/java.net=ALL-UNNAMED --add-opens=java.base/java.util.concurrent.atomic=ALL-UNNAMED -XX:MaxMetaspaceSize=256m -XX:+HeapDumpOnOutOfMemoryError -Xms256m -Xmx512m -Dfile.encoding=windows-1252 -Duser.country=US -Duser.language=en -Duser.variant org.gradle.launcher.daemon.bootstrap.GradleDaemon 7.6

Host: Intel(R) Core(TM) i3-5005U CPU @ 2.00GHz, 4 cores, 3G,  Windows 10 , 64 bit Build 18362 (10.0.18362.1110)
Time: Sun Apr  2 14:28:25 2023 SE Asia Standard Time elapsed time: 36.605668 seconds (0d 0h 0m 36s)

---------------  T H R E A D  ---------------

Current thread (0x000002df4b1194e0):  JavaThread "C2 CompilerThread0" daemon [_thread_in_native, id=3892, stack(0x000000f4f8500000,0x000000f4f8600000)]


Current CompileTask:
C2:  36605 7788       4       io.spring.gradle.dependencymanagement.org.codehaus.plexus.util.xml.Xpp3Dom::<init> (123 bytes)

Stack: [0x000000f4f8500000,0x000000f4f8600000]
Native frames: (J=compiled Java code, j=interpreted, Vv=VM code, C=native code)
V  [jvm.dll+0x670baa]
V  [jvm.dll+0x7cfcb4]
V  [jvm.dll+0x7d145e]
V  [jvm.dll+0x7d1ac3]
V  [jvm.dll+0x242bc5]
V  [jvm.dll+0xaa57b]
V  [jvm.dll+0xaab0c]
V  [jvm.dll+0x35fcb2]
V  [jvm.dll+0x32a331]
V  [jvm.dll+0x3297da]
V  [jvm.dll+0x215c91]
V  [jvm.dll+0x2150b1]
V  [jvm.dll+0x1a1bbd]
V  [jvm.dll+0x224908]
V  [jvm.dll+0x222a6c]
V  [jvm.dll+0x7859bb]
V  [jvm.dll+0x77ff7a]
V  [jvm.dll+0x66fa35]
C  [ucrtbase.dll+0x210b2]
C  [KERNEL32.DLL+0x17c24]
C  [ntdll.dll+0x6d4d1]


---------------  P R O C E S S  ---------------

Threads class SMR info:
_java_thread_list=0x000002df50343010, length=85, elements={
0x000002df310f1da0, 0x000002df4b0fa240, 0x000002df4b0fb0b0, 0x000002df4b114630,
0x000002df4b1151e0, 0x000002df4b115d90, 0x000002df4b118750, 0x000002df4b1194e0,
0x000002df4b11af00, 0x000002df4bc10060, 0x000002df4bcce4e0, 0x000002df4bcd2410,
0x000002df4d2a75b0, 0x000002df4bdd1890, 0x000002df4d214920, 0x000002df4c145980,
0x000002df4c81f4b0, 0x000002df4d51c040, 0x000002df4c046080, 0x000002df4b17dcc0,
0x000002df4b17e190, 0x000002df4b17bb10, 0x000002df4b17aca0, 0x000002df4b17e660,
0x000002df4b17c980, 0x000002df4b17bfe0, 0x000002df4b17b170, 0x000002df4b17d7f0,
0x000002df4b17d320, 0x000002df4b17b640, 0x000002df4b17ce50, 0x000002df4f2b5700,
0x000002df4f2b73e0, 0x000002df4f2b2210, 0x000002df4f2b78b0, 0x000002df4f2b4890,
0x000002df4f2b6f10, 0x000002df4f2b60a0, 0x000002df4f2b26e0, 0x000002df4f2b2bb0,
0x000002df4f2b1d40, 0x000002df4f2b0a00, 0x000002df4f2b0060, 0x000002df4f2b4d60,
0x000002df4f2b3080, 0x000002df4f2b3550, 0x000002df4f2b5230, 0x000002df4f2b3a20,
0x000002df4f2b3ef0, 0x000002df4f2b0ed0, 0x000002df4f2b13a0, 0x000002df4f2b43c0,
0x000002df4f2b6570, 0x000002df4f2b6a40, 0x000002df4f2b1870, 0x000002df4f7585a0,
0x000002df4f75b0f0, 0x000002df4f75dc40, 0x000002df4f757730, 0x000002df4f7580d0,
0x000002df4f75a280, 0x000002df4f75b5c0, 0x000002df4f759db0, 0x000002df4f757c00,
0x000002df4f75ba90, 0x000002df4f75bf60, 0x000002df4f756d90, 0x000002df4f758a70,
0x000002df4f75ac20, 0x000002df4f75e110, 0x000002df4f75cdd0, 0x000002df4f758f40,
0x000002df4f75c430, 0x000002df4f757260, 0x000002df4f7598e0, 0x000002df4f75a750,
0x000002df4f75c900, 0x000002df4f75d2a0, 0x000002df4f75d770, 0x000002df4f75e5e0,
0x000002df4ec30fe0, 0x000002df4ec30640, 0x000002df4ec30b10, 0x000002df4ec31e50,
0x000002df4ec349a0
}

Java Threads: ( => current thread )
  0x000002df310f1da0 JavaThread "main" [_thread_blocked, id=6712, stack(0x000000f4f7800000,0x000000f4f7900000)]
  0x000002df4b0fa240 JavaThread "Reference Handler" daemon [_thread_blocked, id=13972, stack(0x000000f4f7f00000,0x000000f4f8000000)]
  0x000002df4b0fb0b0 JavaThread "Finalizer" daemon [_thread_blocked, id=7760, stack(0x000000f4f8000000,0x000000f4f8100000)]
  0x000002df4b114630 JavaThread "Signal Dispatcher" daemon [_thread_blocked, id=10016, stack(0x000000f4f8100000,0x000000f4f8200000)]
  0x000002df4b1151e0 JavaThread "Attach Listener" daemon [_thread_blocked, id=8204, stack(0x000000f4f8200000,0x000000f4f8300000)]
  0x000002df4b115d90 JavaThread "Service Thread" daemon [_thread_blocked, id=11408, stack(0x000000f4f8300000,0x000000f4f8400000)]
  0x000002df4b118750 JavaThread "Monitor Deflation Thread" daemon [_thread_blocked, id=11164, stack(0x000000f4f8400000,0x000000f4f8500000)]
=>0x000002df4b1194e0 JavaThread "C2 CompilerThread0" daemon [_thread_in_native, id=3892, stack(0x000000f4f8500000,0x000000f4f8600000)]
  0x000002df4b11af00 JavaThread "C1 CompilerThread0" daemon [_thread_blocked, id=8048, stack(0x000000f4f8600000,0x000000f4f8700000)]
  0x000002df4bc10060 JavaThread "Sweeper thread" daemon [_thread_blocked, id=11280, stack(0x000000f4f8700000,0x000000f4f8800000)]
  0x000002df4bcce4e0 JavaThread "Common-Cleaner" daemon [_thread_blocked, id=14176, stack(0x000000f4f8800000,0x000000f4f8900000)]
  0x000002df4bcd2410 JavaThread "Notification Thread" daemon [_thread_blocked, id=11104, stack(0x000000f4f8900000,0x000000f4f8a00000)]
  0x000002df4d2a75b0 JavaThread "Daemon health stats" [_thread_blocked, id=11824, stack(0x000000f4f8e00000,0x000000f4f8f00000)]
  0x000002df4bdd1890 JavaThread "Incoming local TCP Connector on port 52415" [_thread_in_native, id=12648, stack(0x000000f4f8f00000,0x000000f4f9000000)]
  0x000002df4d214920 JavaThread "Daemon periodic checks" [_thread_blocked, id=12216, stack(0x000000f4f9000000,0x000000f4f9100000)]
  0x000002df4c145980 JavaThread "Daemon" [_thread_blocked, id=2972, stack(0x000000f4f9100000,0x000000f4f9200000)]
  0x000002df4c81f4b0 JavaThread "Handler for socket connection from /127.0.0.1:52415 to /127.0.0.1:52416" [_thread_in_native, id=12292, stack(0x000000f4f9200000,0x000000f4f9300000)]
  0x000002df4d51c040 JavaThread "Cancel handler" [_thread_blocked, id=8696, stack(0x000000f4f9300000,0x000000f4f9400000)]
  0x000002df4c046080 JavaThread "Daemon worker" [_thread_blocked, id=2880, stack(0x000000f4f9400000,0x000000f4f9500000)]
  0x000002df4b17dcc0 JavaThread "Asynchronous log dispatcher for DefaultDaemonConnection: socket connection from /127.0.0.1:52415 to /127.0.0.1:52416" [_thread_blocked, id=7056, stack(0x000000f4f9500000,0x000000f4f9600000)]
  0x000002df4b17e190 JavaThread "Stdin handler" [_thread_blocked, id=1700, stack(0x000000f4f9600000,0x000000f4f9700000)]
  0x000002df4b17bb10 JavaThread "Daemon client event forwarder" [_thread_blocked, id=11776, stack(0x000000f4f9700000,0x000000f4f9800000)]
  0x000002df4b17aca0 JavaThread "Cache worker for journal cache (C:\Users\Admin\.gradle\caches\journal-1)" [_thread_blocked, id=13208, stack(0x000000f4f9800000,0x000000f4f9900000)]
  0x000002df4b17e660 JavaThread "File lock request listener" [_thread_in_native, id=8120, stack(0x000000f4f9900000,0x000000f4f9a00000)]
  0x000002df4b17c980 JavaThread "Cache worker for file hash cache (C:\Users\Admin\.gradle\caches\7.6\fileHashes)" [_thread_blocked, id=2120, stack(0x000000f4f9a00000,0x000000f4f9b00000)]
  0x000002df4b17bfe0 JavaThread "File watcher server" daemon [_thread_in_native, id=3252, stack(0x000000f4f9b00000,0x000000f4f9c00000)]
  0x000002df4b17b170 JavaThread "File watcher consumer" daemon [_thread_blocked, id=6072, stack(0x000000f4f9c00000,0x000000f4f9d00000)]
  0x000002df4b17d7f0 JavaThread "Cache worker for checksums cache (D:\SQL2019\SPRING_BOOT\quan_ly_du_an\Back_End\.gradle\7.6\checksums)" [_thread_blocked, id=4960, stack(0x000000f4f9d00000,0x000000f4f9e00000)]
  0x000002df4b17d320 JavaThread "Cache worker for cache directory md-rule (C:\Users\Admin\.gradle\caches\7.6\md-rule)" [_thread_blocked, id=7240, stack(0x000000f4f9e00000,0x000000f4f9f00000)]
  0x000002df4b17b640 JavaThread "Cache worker for file content cache (C:\Users\Admin\.gradle\caches\7.6\fileContent)" [_thread_blocked, id=2368, stack(0x000000f4f9f00000,0x000000f4fa000000)]
  0x000002df4b17ce50 JavaThread "Cache worker for file hash cache (D:\SQL2019\SPRING_BOOT\quan_ly_du_an\Back_End\.gradle\7.6\fileHashes)" [_thread_blocked, id=8124, stack(0x000000f4fa000000,0x000000f4fa100000)]
  0x000002df4f2b5700 JavaThread "Cache worker for cache directory md-supplier (C:\Users\Admin\.gradle\caches\7.6\md-supplier)" [_thread_blocked, id=13704, stack(0x000000f4fa100000,0x000000f4fa200000)]
  0x000002df4f2b73e0 JavaThread "Cache worker for execution history cache (C:\Users\Admin\.gradle\caches\7.6\executionHistory)" [_thread_blocked, id=2684, stack(0x000000f4fa200000,0x000000f4fa300000)]
  0x000002df4f2b2210 JavaThread "jar transforms" [_thread_blocked, id=8232, stack(0x000000f4fa400000,0x000000f4fa500000)]
  0x000002df4f2b78b0 JavaThread "jar transforms Thread 2" [_thread_blocked, id=12028, stack(0x000000f4fa500000,0x000000f4fa600000)]
  0x000002df4f2b4890 JavaThread "jar transforms Thread 3" [_thread_blocked, id=6100, stack(0x000000f4fa300000,0x000000f4fa400000)]
  0x000002df4f2b6f10 JavaThread "jar transforms Thread 4" [_thread_blocked, id=13416, stack(0x000000f4fa600000,0x000000f4fa700000)]
  0x000002df4f2b60a0 JavaThread "Cache worker for dependencies-accessors (D:\SQL2019\SPRING_BOOT\quan_ly_du_an\Back_End\.gradle\7.6\dependencies-accessors)" [_thread_blocked, id=6760, stack(0x000000f4fa700000,0x000000f4fa800000)]
  0x000002df4f2b26e0 JavaThread "Cache worker for Build Output Cleanup Cache (D:\SQL2019\SPRING_BOOT\quan_ly_du_an\Back_End\.gradle\buildOutputCleanup)" [_thread_blocked, id=2844, stack(0x000000f4fa800000,0x000000f4fa900000)]
  0x000002df4f2b2bb0 JavaThread "Unconstrained build operations" [_thread_blocked, id=720, stack(0x000000f4faa00000,0x000000f4fab00000)]
  0x000002df4f2b1d40 JavaThread "Unconstrained build operations Thread 2" [_thread_blocked, id=9320, stack(0x000000f4fab00000,0x000000f4fac00000)]
  0x000002df4f2b0a00 JavaThread "Unconstrained build operations Thread 3" [_thread_blocked, id=5292, stack(0x000000f4fac00000,0x000000f4fad00000)]
  0x000002df4f2b0060 JavaThread "Unconstrained build operations Thread 4" [_thread_blocked, id=8816, stack(0x000000f4fad00000,0x000000f4fae00000)]
  0x000002df4f2b4d60 JavaThread "Unconstrained build operations Thread 5" [_thread_blocked, id=8032, stack(0x000000f4fae00000,0x000000f4faf00000)]
  0x000002df4f2b3080 JavaThread "Unconstrained build operations Thread 6" [_thread_blocked, id=10136, stack(0x000000f4faf00000,0x000000f4fb000000)]
  0x000002df4f2b3550 JavaThread "Unconstrained build operations Thread 7" [_thread_blocked, id=12096, stack(0x000000f4fb000000,0x000000f4fb100000)]
  0x000002df4f2b5230 JavaThread "Unconstrained build operations Thread 8" [_thread_blocked, id=12672, stack(0x000000f4fb100000,0x000000f4fb200000)]
  0x000002df4f2b3a20 JavaThread "Unconstrained build operations Thread 9" [_thread_blocked, id=11712, stack(0x000000f4fb200000,0x000000f4fb300000)]
  0x000002df4f2b3ef0 JavaThread "Unconstrained build operations Thread 10" [_thread_blocked, id=5080, stack(0x000000f4fb300000,0x000000f4fb400000)]
  0x000002df4f2b0ed0 JavaThread "Unconstrained build operations Thread 11" [_thread_blocked, id=7596, stack(0x000000f4fb400000,0x000000f4fb500000)]
  0x000002df4f2b13a0 JavaThread "Unconstrained build operations Thread 12" [_thread_blocked, id=11736, stack(0x000000f4fb500000,0x000000f4fb600000)]
  0x000002df4f2b43c0 JavaThread "Unconstrained build operations Thread 13" [_thread_blocked, id=7576, stack(0x000000f4fb600000,0x000000f4fb700000)]
  0x000002df4f2b6570 JavaThread "Unconstrained build operations Thread 14" [_thread_blocked, id=3244, stack(0x000000f4fb700000,0x000000f4fb800000)]
  0x000002df4f2b6a40 JavaThread "Unconstrained build operations Thread 15" [_thread_blocked, id=12872, stack(0x000000f4fb800000,0x000000f4fb900000)]
  0x000002df4f2b1870 JavaThread "Unconstrained build operations Thread 16" [_thread_blocked, id=13800, stack(0x000000f4fb900000,0x000000f4fba00000)]
  0x000002df4f7585a0 JavaThread "Unconstrained build operations Thread 17" [_thread_blocked, id=13456, stack(0x000000f4fba00000,0x000000f4fbb00000)]
  0x000002df4f75b0f0 JavaThread "Unconstrained build operations Thread 18" [_thread_blocked, id=11076, stack(0x000000f4fbb00000,0x000000f4fbc00000)]
  0x000002df4f75dc40 JavaThread "Memory manager" [_thread_blocked, id=10000, stack(0x000000f4fa900000,0x000000f4faa00000)]
  0x000002df4f757730 JavaThread "included builds" [_thread_in_native, id=1168, stack(0x000000f4f7500000,0x000000f4f7600000)]
  0x000002df4f7580d0 JavaThread "Execution worker" [_thread_blocked, id=11232, stack(0x000000f4fbf00000,0x000000f4fc000000)]
  0x000002df4f75a280 JavaThread "Execution worker Thread 2" [_thread_blocked, id=12420, stack(0x000000f4fc000000,0x000000f4fc100000)]
  0x000002df4f75b5c0 JavaThread "Execution worker Thread 3" [_thread_blocked, id=6364, stack(0x000000f4fc100000,0x000000f4fc200000)]
  0x000002df4f759db0 JavaThread "Cache worker for execution history cache (D:\SQL2019\SPRING_BOOT\quan_ly_du_an\Back_End\.gradle\7.6\executionHistory)" [_thread_blocked, id=1432, stack(0x000000f4fc200000,0x000000f4fc300000)]
  0x000002df4f757c00 JavaThread "Unconstrained build operations Thread 19" [_thread_blocked, id=11496, stack(0x000000f4fc300000,0x000000f4fc400000)]
  0x000002df4f75ba90 JavaThread "Unconstrained build operations Thread 20" [_thread_blocked, id=11972, stack(0x000000f4fc400000,0x000000f4fc500000)]
  0x000002df4f75bf60 JavaThread "Unconstrained build operations Thread 21" [_thread_blocked, id=3416, stack(0x000000f4fc500000,0x000000f4fc600000)]
  0x000002df4f756d90 JavaThread "Unconstrained build operations Thread 22" [_thread_blocked, id=2720, stack(0x000000f4fc600000,0x000000f4fc700000)]
  0x000002df4f758a70 JavaThread "Unconstrained build operations Thread 23" [_thread_blocked, id=11584, stack(0x000000f4fc700000,0x000000f4fc800000)]
  0x000002df4f75ac20 JavaThread "Unconstrained build operations Thread 24" [_thread_blocked, id=14156, stack(0x000000f4fc800000,0x000000f4fc900000)]
  0x000002df4f75e110 JavaThread "Unconstrained build operations Thread 25" [_thread_blocked, id=13356, stack(0x000000f4fc900000,0x000000f4fca00000)]
  0x000002df4f75cdd0 JavaThread "Unconstrained build operations Thread 26" [_thread_blocked, id=3000, stack(0x000000f4fca00000,0x000000f4fcb00000)]
  0x000002df4f758f40 JavaThread "Unconstrained build operations Thread 27" [_thread_blocked, id=1108, stack(0x000000f4fcb00000,0x000000f4fcc00000)]
  0x000002df4f75c430 JavaThread "Unconstrained build operations Thread 28" [_thread_blocked, id=13680, stack(0x000000f4fcc00000,0x000000f4fcd00000)]
  0x000002df4f757260 JavaThread "Unconstrained build operations Thread 29" [_thread_blocked, id=10120, stack(0x000000f4fcd00000,0x000000f4fce00000)]
  0x000002df4f7598e0 JavaThread "Unconstrained build operations Thread 30" [_thread_blocked, id=10648, stack(0x000000f4fce00000,0x000000f4fcf00000)]
  0x000002df4f75a750 JavaThread "Unconstrained build operations Thread 31" [_thread_blocked, id=14168, stack(0x000000f4fcf00000,0x000000f4fd000000)]
  0x000002df4f75c900 JavaThread "Unconstrained build operations Thread 32" [_thread_blocked, id=7492, stack(0x000000f4fd000000,0x000000f4fd100000)]
  0x000002df4f75d2a0 JavaThread "Unconstrained build operations Thread 33" [_thread_blocked, id=6768, stack(0x000000f4fd100000,0x000000f4fd200000)]
  0x000002df4f75d770 JavaThread "Unconstrained build operations Thread 34" [_thread_blocked, id=12500, stack(0x000000f4fd200000,0x000000f4fd300000)]
  0x000002df4f75e5e0 JavaThread "Unconstrained build operations Thread 35" [_thread_blocked, id=7828, stack(0x000000f4fd300000,0x000000f4fd400000)]
  0x000002df4ec30fe0 JavaThread "Unconstrained build operations Thread 36" [_thread_blocked, id=1120, stack(0x000000f4fd400000,0x000000f4fd500000)]
  0x000002df4ec30640 JavaThread "Unconstrained build operations Thread 37" [_thread_blocked, id=8844, stack(0x000000f4fd500000,0x000000f4fd600000)]
  0x000002df4ec30b10 JavaThread "Unconstrained build operations Thread 38" [_thread_blocked, id=11092, stack(0x000000f4fd600000,0x000000f4fd700000)]
  0x000002df4ec31e50 JavaThread "Unconstrained build operations Thread 39" [_thread_blocked, id=11556, stack(0x000000f4fd700000,0x000000f4fd800000)]
  0x000002df4ec349a0 JavaThread "Unconstrained build operations Thread 40" [_thread_blocked, id=11252, stack(0x000000f4fd800000,0x000000f4fd900000)]

Other Threads:
  0x000002df4b0f4ea0 VMThread "VM Thread" [stack: 0x000000f4f7e00000,0x000000f4f7f00000] [id=2676]
  0x000002df4bcd28e0 WatcherThread [stack: 0x000000f4f8a00000,0x000000f4f8b00000] [id=6424]
  0x000002df31118c50 GCTaskThread "GC Thread#0" [stack: 0x000000f4f7900000,0x000000f4f7a00000] [id=5472]
  0x000002df4c218dc0 GCTaskThread "GC Thread#1" [stack: 0x000000f4f8b00000,0x000000f4f8c00000] [id=1052]
  0x000002df4c219070 GCTaskThread "GC Thread#2" [stack: 0x000000f4f8c00000,0x000000f4f8d00000] [id=11416]
  0x000002df4c6606c0 GCTaskThread "GC Thread#3" [stack: 0x000000f4f8d00000,0x000000f4f8e00000] [id=11248]
  0x000002df3111db90 ConcurrentGCThread "G1 Main Marker" [stack: 0x000000f4f7a00000,0x000000f4f7b00000] [id=13040]
  0x000002df3111e5a0 ConcurrentGCThread "G1 Conc#0" [stack: 0x000000f4f7b00000,0x000000f4f7c00000] [id=8920]
  0x000002df4afc24c0 ConcurrentGCThread "G1 Refine#0" [stack: 0x000000f4f7c00000,0x000000f4f7d00000] [id=7200]
  0x000002df4f392690 ConcurrentGCThread "G1 Refine#1" [stack: 0x000000f4fbd00000,0x000000f4fbe00000] [id=13332]
  0x000002df4f392c50 ConcurrentGCThread "G1 Refine#2" [stack: 0x000000f4fbe00000,0x000000f4fbf00000] [id=9956]
  0x000002df4afc2ee0 ConcurrentGCThread "G1 Service" [stack: 0x000000f4f7d00000,0x000000f4f7e00000] [id=8432]

Threads with active compile tasks:
C2 CompilerThread0    36836 7788       4       io.spring.gradle.dependencymanagement.org.codehaus.plexus.util.xml.Xpp3Dom::<init> (123 bytes)

VM state: not at safepoint (normal execution)

VM Mutex/Monitor currently owned by a thread: None

Heap address: 0x00000000e0000000, size: 512 MB, Compressed Oops mode: 32-bit

CDS archive(s) mapped at: [0x0000000800000000-0x0000000800bc0000-0x0000000800bc0000), size 12320768, SharedBaseAddress: 0x0000000800000000, ArchiveRelocationMode: 0.
Compressed class space mapped at: 0x0000000800c00000-0x000000080dc00000, reserved size: 218103808
Narrow klass base: 0x0000000800000000, Narrow klass shift: 0, Narrow klass range: 0x100000000

GC Precious Log:
 CPUs: 4 total, 4 available
 Memory: 3995M
 Large Page Support: Disabled
 NUMA Support: Disabled
 Compressed Oops: Enabled (32-bit)
 Heap Region Size: 1M
 Heap Min Capacity: 256M
 Heap Initial Capacity: 256M
 Heap Max Capacity: 512M
 Pre-touch: Disabled
 Parallel Workers: 4
 Concurrent Workers: 1
 Concurrent Refinement Workers: 4
 Periodic GC: Disabled

Heap:
 garbage-first heap   total 262144K, used 183296K [0x00000000e0000000, 0x0000000100000000)
  region size 1024K, 153 young (156672K), 8 survivors (8192K)
 Metaspace       used 49824K, committed 50368K, reserved 262144K
  class space    used 6909K, committed 7168K, reserved 212992K

Heap Regions: E=young(eden), S=young(survivor), O=old, HS=humongous(starts), HC=humongous(continues), CS=collection set, F=free, OA=open archive, CA=closed archive, TAMS=top-at-mark-start (previous, next)
|   0|0x00000000e0000000, 0x00000000e0100000, 0x00000000e0100000|100%| O|  |TAMS 0x00000000e0100000, 0x00000000e0000000| Untracked 
|   1|0x00000000e0100000, 0x00000000e0200000, 0x00000000e0200000|100%| O|  |TAMS 0x00000000e0200000, 0x00000000e0100000| Untracked 
|   2|0x00000000e0200000, 0x00000000e0300000, 0x00000000e0300000|100%|HS|  |TAMS 0x00000000e0300000, 0x00000000e0200000| Complete 
|   3|0x00000000e0300000, 0x00000000e0400000, 0x00000000e0400000|100%|HC|  |TAMS 0x00000000e0400000, 0x00000000e0300000| Complete 
|   4|0x00000000e0400000, 0x00000000e0500000, 0x00000000e0500000|100%|HC|  |TAMS 0x00000000e0500000, 0x00000000e0400000| Complete 
|   5|0x00000000e0500000, 0x00000000e0600000, 0x00000000e0600000|100%| O|  |TAMS 0x00000000e0600000, 0x00000000e0500000| Untracked 
|   6|0x00000000e0600000, 0x00000000e0700000, 0x00000000e0700000|100%| O|  |TAMS 0x00000000e0700000, 0x00000000e0600000| Untracked 
|   7|0x00000000e0700000, 0x00000000e0800000, 0x00000000e0800000|100%| O|  |TAMS 0x00000000e0700000, 0x00000000e0700000| Untracked 
|   8|0x00000000e0800000, 0x00000000e0900000, 0x00000000e0900000|100%| O|  |TAMS 0x00000000e0900000, 0x00000000e0800000| Untracked 
|   9|0x00000000e0900000, 0x00000000e0a00000, 0x00000000e0a00000|100%| O|  |TAMS 0x00000000e0a00000, 0x00000000e0900000| Untracked 
|  10|0x00000000e0a00000, 0x00000000e0b00000, 0x00000000e0b00000|100%| O|  |TAMS 0x00000000e0a1d600, 0x00000000e0a00000| Untracked 
|  11|0x00000000e0b00000, 0x00000000e0c00000, 0x00000000e0c00000|100%| O|  |TAMS 0x00000000e0b00000, 0x00000000e0b00000| Untracked 
|  12|0x00000000e0c00000, 0x00000000e0d00000, 0x00000000e0d00000|100%| O|  |TAMS 0x00000000e0c00000, 0x00000000e0c00000| Untracked 
|  13|0x00000000e0d00000, 0x00000000e0e00000, 0x00000000e0e00000|100%| O|  |TAMS 0x00000000e0d00000, 0x00000000e0d00000| Untracked 
|  14|0x00000000e0e00000, 0x00000000e0f00000, 0x00000000e0f00000|100%| O|  |TAMS 0x00000000e0e00000, 0x00000000e0e00000| Untracked 
|  15|0x00000000e0f00000, 0x00000000e1000000, 0x00000000e1000000|100%| O|  |TAMS 0x00000000e0f00000, 0x00000000e0f00000| Untracked 
|  16|0x00000000e1000000, 0x00000000e1100000, 0x00000000e1100000|100%| O|  |TAMS 0x00000000e1000000, 0x00000000e1000000| Untracked 
|  17|0x00000000e1100000, 0x00000000e1200000, 0x00000000e1200000|100%| O|  |TAMS 0x00000000e1100000, 0x00000000e1100000| Untracked 
|  18|0x00000000e1200000, 0x00000000e1300000, 0x00000000e1300000|100%| O|  |TAMS 0x00000000e1200000, 0x00000000e1200000| Untracked 
|  19|0x00000000e1300000, 0x00000000e1400000, 0x00000000e1400000|100%| O|  |TAMS 0x00000000e1300000, 0x00000000e1300000| Untracked 
|  20|0x00000000e1400000, 0x00000000e1500000, 0x00000000e1500000|100%| O|  |TAMS 0x00000000e1400000, 0x00000000e1400000| Untracked 
|  21|0x00000000e1500000, 0x00000000e1600000, 0x00000000e1600000|100%| O|  |TAMS 0x00000000e1500000, 0x00000000e1500000| Untracked 
|  22|0x00000000e1600000, 0x00000000e1700000, 0x00000000e1700000|100%| O|  |TAMS 0x00000000e1600000, 0x00000000e1600000| Untracked 
|  23|0x00000000e1700000, 0x00000000e1800000, 0x00000000e1800000|100%| O|  |TAMS 0x00000000e1700000, 0x00000000e1700000| Untracked 
|  24|0x00000000e1800000, 0x00000000e1900000, 0x00000000e1900000|100%| O|  |TAMS 0x00000000e1800000, 0x00000000e1800000| Untracked 
|  25|0x00000000e1900000, 0x00000000e1a00000, 0x00000000e1a00000|100%| O|  |TAMS 0x00000000e1900000, 0x00000000e1900000| Untracked 
|  26|0x00000000e1a00000, 0x00000000e1b00000, 0x00000000e1b00000|100%| O|  |TAMS 0x00000000e1a00000, 0x00000000e1a00000| Untracked 
|  27|0x00000000e1b00000, 0x00000000e1c00000, 0x00000000e1c00000|100%| O|  |TAMS 0x00000000e1b00000, 0x00000000e1b00000| Untracked 
|  28|0x00000000e1c00000, 0x00000000e1c00000, 0x00000000e1d00000|  0%| F|  |TAMS 0x00000000e1c00000, 0x00000000e1c00000| Untracked 
|  29|0x00000000e1d00000, 0x00000000e1d00000, 0x00000000e1e00000|  0%| F|  |TAMS 0x00000000e1d00000, 0x00000000e1d00000| Untracked 
|  30|0x00000000e1e00000, 0x00000000e1e00000, 0x00000000e1f00000|  0%| F|  |TAMS 0x00000000e1e00000, 0x00000000e1e00000| Untracked 
|  31|0x00000000e1f00000, 0x00000000e1f00000, 0x00000000e2000000|  0%| F|  |TAMS 0x00000000e1f00000, 0x00000000e1f00000| Untracked 
|  32|0x00000000e2000000, 0x00000000e2000000, 0x00000000e2100000|  0%| F|  |TAMS 0x00000000e2000000, 0x00000000e2000000| Untracked 
|  33|0x00000000e2100000, 0x00000000e2100000, 0x00000000e2200000|  0%| F|  |TAMS 0x00000000e2100000, 0x00000000e2100000| Untracked 
|  34|0x00000000e2200000, 0x00000000e2200000, 0x00000000e2300000|  0%| F|  |TAMS 0x00000000e2200000, 0x00000000e2200000| Untracked 
|  35|0x00000000e2300000, 0x00000000e2300000, 0x00000000e2400000|  0%| F|  |TAMS 0x00000000e2300000, 0x00000000e2300000| Untracked 
|  36|0x00000000e2400000, 0x00000000e2400000, 0x00000000e2500000|  0%| F|  |TAMS 0x00000000e2400000, 0x00000000e2400000| Untracked 
|  37|0x00000000e2500000, 0x00000000e2500000, 0x00000000e2600000|  0%| F|  |TAMS 0x00000000e2500000, 0x00000000e2500000| Untracked 
|  38|0x00000000e2600000, 0x00000000e2600000, 0x00000000e2700000|  0%| F|  |TAMS 0x00000000e2600000, 0x00000000e2600000| Untracked 
|  39|0x00000000e2700000, 0x00000000e2700000, 0x00000000e2800000|  0%| F|  |TAMS 0x00000000e2700000, 0x00000000e2700000| Untracked 
|  40|0x00000000e2800000, 0x00000000e2800000, 0x00000000e2900000|  0%| F|  |TAMS 0x00000000e2800000, 0x00000000e2800000| Untracked 
|  41|0x00000000e2900000, 0x00000000e2900000, 0x00000000e2a00000|  0%| F|  |TAMS 0x00000000e2900000, 0x00000000e2900000| Untracked 
|  42|0x00000000e2a00000, 0x00000000e2a00000, 0x00000000e2b00000|  0%| F|  |TAMS 0x00000000e2a00000, 0x00000000e2a00000| Untracked 
|  43|0x00000000e2b00000, 0x00000000e2b00000, 0x00000000e2c00000|  0%| F|  |TAMS 0x00000000e2b00000, 0x00000000e2b00000| Untracked 
|  44|0x00000000e2c00000, 0x00000000e2c00000, 0x00000000e2d00000|  0%| F|  |TAMS 0x00000000e2c00000, 0x00000000e2c00000| Untracked 
|  45|0x00000000e2d00000, 0x00000000e2d00000, 0x00000000e2e00000|  0%| F|  |TAMS 0x00000000e2d00000, 0x00000000e2d00000| Untracked 
|  46|0x00000000e2e00000, 0x00000000e2e00000, 0x00000000e2f00000|  0%| F|  |TAMS 0x00000000e2e00000, 0x00000000e2e00000| Untracked 
|  47|0x00000000e2f00000, 0x00000000e2f00000, 0x00000000e3000000|  0%| F|  |TAMS 0x00000000e2f00000, 0x00000000e2f00000| Untracked 
|  48|0x00000000e3000000, 0x00000000e3000000, 0x00000000e3100000|  0%| F|  |TAMS 0x00000000e3000000, 0x00000000e3000000| Untracked 
|  49|0x00000000e3100000, 0x00000000e3100000, 0x00000000e3200000|  0%| F|  |TAMS 0x00000000e3100000, 0x00000000e3100000| Untracked 
|  50|0x00000000e3200000, 0x00000000e3200000, 0x00000000e3300000|  0%| F|  |TAMS 0x00000000e3200000, 0x00000000e3200000| Untracked 
|  51|0x00000000e3300000, 0x00000000e3300000, 0x00000000e3400000|  0%| F|  |TAMS 0x00000000e3300000, 0x00000000e3300000| Untracked 
|  52|0x00000000e3400000, 0x00000000e3400000, 0x00000000e3500000|  0%| F|  |TAMS 0x00000000e3400000, 0x00000000e3400000| Untracked 
|  53|0x00000000e3500000, 0x00000000e3500000, 0x00000000e3600000|  0%| F|  |TAMS 0x00000000e3500000, 0x00000000e3500000| Untracked 
|  54|0x00000000e3600000, 0x00000000e3600000, 0x00000000e3700000|  0%| F|  |TAMS 0x00000000e3600000, 0x00000000e3600000| Untracked 
|  55|0x00000000e3700000, 0x00000000e3700000, 0x00000000e3800000|  0%| F|  |TAMS 0x00000000e3700000, 0x00000000e3700000| Untracked 
|  56|0x00000000e3800000, 0x00000000e3800000, 0x00000000e3900000|  0%| F|  |TAMS 0x00000000e3800000, 0x00000000e3800000| Untracked 
|  57|0x00000000e3900000, 0x00000000e3900000, 0x00000000e3a00000|  0%| F|  |TAMS 0x00000000e3900000, 0x00000000e3900000| Untracked 
|  58|0x00000000e3a00000, 0x00000000e3a00000, 0x00000000e3b00000|  0%| F|  |TAMS 0x00000000e3a00000, 0x00000000e3a00000| Untracked 
|  59|0x00000000e3b00000, 0x00000000e3b00000, 0x00000000e3c00000|  0%| F|  |TAMS 0x00000000e3b00000, 0x00000000e3b00000| Untracked 
|  60|0x00000000e3c00000, 0x00000000e3c00000, 0x00000000e3d00000|  0%| F|  |TAMS 0x00000000e3c00000, 0x00000000e3c00000| Untracked 
|  61|0x00000000e3d00000, 0x00000000e3d00000, 0x00000000e3e00000|  0%| F|  |TAMS 0x00000000e3d00000, 0x00000000e3d00000| Untracked 
|  62|0x00000000e3e00000, 0x00000000e3e00000, 0x00000000e3f00000|  0%| F|  |TAMS 0x00000000e3e00000, 0x00000000e3e00000| Untracked 
|  63|0x00000000e3f00000, 0x00000000e3f00000, 0x00000000e4000000|  0%| F|  |TAMS 0x00000000e3f00000, 0x00000000e3f00000| Untracked 
|  64|0x00000000e4000000, 0x00000000e4000000, 0x00000000e4100000|  0%| F|  |TAMS 0x00000000e4000000, 0x00000000e4000000| Untracked 
|  65|0x00000000e4100000, 0x00000000e4100000, 0x00000000e4200000|  0%| F|  |TAMS 0x00000000e4100000, 0x00000000e4100000| Untracked 
|  66|0x00000000e4200000, 0x00000000e4200000, 0x00000000e4300000|  0%| F|  |TAMS 0x00000000e4200000, 0x00000000e4200000| Untracked 
|  67|0x00000000e4300000, 0x00000000e4300000, 0x00000000e4400000|  0%| F|  |TAMS 0x00000000e4300000, 0x00000000e4300000| Untracked 
|  68|0x00000000e4400000, 0x00000000e4400000, 0x00000000e4500000|  0%| F|  |TAMS 0x00000000e4400000, 0x00000000e4400000| Untracked 
|  69|0x00000000e4500000, 0x00000000e4500000, 0x00000000e4600000|  0%| F|  |TAMS 0x00000000e4500000, 0x00000000e4500000| Untracked 
|  70|0x00000000e4600000, 0x00000000e4600000, 0x00000000e4700000|  0%| F|  |TAMS 0x00000000e4600000, 0x00000000e4600000| Untracked 
|  71|0x00000000e4700000, 0x00000000e4700000, 0x00000000e4800000|  0%| F|  |TAMS 0x00000000e4700000, 0x00000000e4700000| Untracked 
|  72|0x00000000e4800000, 0x00000000e4800000, 0x00000000e4900000|  0%| F|  |TAMS 0x00000000e4800000, 0x00000000e4800000| Untracked 
|  73|0x00000000e4900000, 0x00000000e4900000, 0x00000000e4a00000|  0%| F|  |TAMS 0x00000000e4900000, 0x00000000e4900000| Untracked 
|  74|0x00000000e4a00000, 0x00000000e4a00000, 0x00000000e4b00000|  0%| F|  |TAMS 0x00000000e4a00000, 0x00000000e4a00000| Untracked 
|  75|0x00000000e4b00000, 0x00000000e4b00000, 0x00000000e4c00000|  0%| F|  |TAMS 0x00000000e4b00000, 0x00000000e4b00000| Untracked 
|  76|0x00000000e4c00000, 0x00000000e4c00000, 0x00000000e4d00000|  0%| F|  |TAMS 0x00000000e4c00000, 0x00000000e4c00000| Untracked 
|  77|0x00000000e4d00000, 0x00000000e4d00000, 0x00000000e4e00000|  0%| F|  |TAMS 0x00000000e4d00000, 0x00000000e4d00000| Untracked 
|  78|0x00000000e4e00000, 0x00000000e4e00000, 0x00000000e4f00000|  0%| F|  |TAMS 0x00000000e4e00000, 0x00000000e4e00000| Untracked 
|  79|0x00000000e4f00000, 0x00000000e4f00000, 0x00000000e5000000|  0%| F|  |TAMS 0x00000000e4f00000, 0x00000000e4f00000| Untracked 
|  80|0x00000000e5000000, 0x00000000e5000000, 0x00000000e5100000|  0%| F|  |TAMS 0x00000000e5000000, 0x00000000e5000000| Untracked 
|  81|0x00000000e5100000, 0x00000000e5100000, 0x00000000e5200000|  0%| F|  |TAMS 0x00000000e5100000, 0x00000000e5100000| Untracked 
|  82|0x00000000e5200000, 0x00000000e5200000, 0x00000000e5300000|  0%| F|  |TAMS 0x00000000e5200000, 0x00000000e5200000| Untracked 
|  83|0x00000000e5300000, 0x00000000e5300000, 0x00000000e5400000|  0%| F|  |TAMS 0x00000000e5300000, 0x00000000e5300000| Untracked 
|  84|0x00000000e5400000, 0x00000000e5400000, 0x00000000e5500000|  0%| F|  |TAMS 0x00000000e5400000, 0x00000000e5400000| Untracked 
|  85|0x00000000e5500000, 0x00000000e5500000, 0x00000000e5600000|  0%| F|  |TAMS 0x00000000e5500000, 0x00000000e5500000| Untracked 
|  86|0x00000000e5600000, 0x00000000e5600000, 0x00000000e5700000|  0%| F|  |TAMS 0x00000000e5600000, 0x00000000e5600000| Untracked 
|  87|0x00000000e5700000, 0x00000000e5700000, 0x00000000e5800000|  0%| F|  |TAMS 0x00000000e5700000, 0x00000000e5700000| Untracked 
|  88|0x00000000e5800000, 0x00000000e5800000, 0x00000000e5900000|  0%| F|  |TAMS 0x00000000e5800000, 0x00000000e5800000| Untracked 
|  89|0x00000000e5900000, 0x00000000e5900000, 0x00000000e5a00000|  0%| F|  |TAMS 0x00000000e5900000, 0x00000000e5900000| Untracked 
|  90|0x00000000e5a00000, 0x00000000e5a00000, 0x00000000e5b00000|  0%| F|  |TAMS 0x00000000e5a00000, 0x00000000e5a00000| Untracked 
|  91|0x00000000e5b00000, 0x00000000e5b00000, 0x00000000e5c00000|  0%| F|  |TAMS 0x00000000e5b00000, 0x00000000e5b00000| Untracked 
|  92|0x00000000e5c00000, 0x00000000e5c00000, 0x00000000e5d00000|  0%| F|  |TAMS 0x00000000e5c00000, 0x00000000e5c00000| Untracked 
|  93|0x00000000e5d00000, 0x00000000e5d00000, 0x00000000e5e00000|  0%| F|  |TAMS 0x00000000e5d00000, 0x00000000e5d00000| Untracked 
|  94|0x00000000e5e00000, 0x00000000e5e00000, 0x00000000e5f00000|  0%| F|  |TAMS 0x00000000e5e00000, 0x00000000e5e00000| Untracked 
|  95|0x00000000e5f00000, 0x00000000e5f00000, 0x00000000e6000000|  0%| F|  |TAMS 0x00000000e5f00000, 0x00000000e5f00000| Untracked 
|  96|0x00000000e6000000, 0x00000000e6000000, 0x00000000e6100000|  0%| F|  |TAMS 0x00000000e6000000, 0x00000000e6000000| Untracked 
|  97|0x00000000e6100000, 0x00000000e6100000, 0x00000000e6200000|  0%| F|  |TAMS 0x00000000e6100000, 0x00000000e6100000| Untracked 
|  98|0x00000000e6200000, 0x00000000e6200000, 0x00000000e6300000|  0%| F|  |TAMS 0x00000000e6200000, 0x00000000e6200000| Untracked 
|  99|0x00000000e6300000, 0x00000000e6300000, 0x00000000e6400000|  0%| F|  |TAMS 0x00000000e6300000, 0x00000000e6300000| Untracked 
| 100|0x00000000e6400000, 0x00000000e6400000, 0x00000000e6500000|  0%| F|  |TAMS 0x00000000e6400000, 0x00000000e6400000| Untracked 
| 101|0x00000000e6500000, 0x00000000e6500000, 0x00000000e6600000|  0%| F|  |TAMS 0x00000000e6500000, 0x00000000e6500000| Untracked 
| 102|0x00000000e6600000, 0x00000000e6600000, 0x00000000e6700000|  0%| F|  |TAMS 0x00000000e6600000, 0x00000000e6600000| Untracked 
| 103|0x00000000e6700000, 0x00000000e677c460, 0x00000000e6800000| 48%| E|  |TAMS 0x00000000e6700000, 0x00000000e6700000| Complete 
| 104|0x00000000e6800000, 0x00000000e6900000, 0x00000000e6900000|100%| E|CS|TAMS 0x00000000e6800000, 0x00000000e6800000| Complete 
| 105|0x00000000e6900000, 0x00000000e6a00000, 0x00000000e6a00000|100%| E|  |TAMS 0x00000000e6900000, 0x00000000e6900000| Complete 
| 106|0x00000000e6a00000, 0x00000000e6b00000, 0x00000000e6b00000|100%| E|CS|TAMS 0x00000000e6a00000, 0x00000000e6a00000| Complete 
| 107|0x00000000e6b00000, 0x00000000e6c00000, 0x00000000e6c00000|100%| E|CS|TAMS 0x00000000e6b00000, 0x00000000e6b00000| Complete 
| 108|0x00000000e6c00000, 0x00000000e6d00000, 0x00000000e6d00000|100%| E|CS|TAMS 0x00000000e6c00000, 0x00000000e6c00000| Complete 
| 109|0x00000000e6d00000, 0x00000000e6e00000, 0x00000000e6e00000|100%| E|CS|TAMS 0x00000000e6d00000, 0x00000000e6d00000| Complete 
| 110|0x00000000e6e00000, 0x00000000e6f00000, 0x00000000e6f00000|100%| E|CS|TAMS 0x00000000e6e00000, 0x00000000e6e00000| Complete 
| 111|0x00000000e6f00000, 0x00000000e7000000, 0x00000000e7000000|100%| E|CS|TAMS 0x00000000e6f00000, 0x00000000e6f00000| Complete 
| 112|0x00000000e7000000, 0x00000000e7100000, 0x00000000e7100000|100%| E|CS|TAMS 0x00000000e7000000, 0x00000000e7000000| Complete 
| 113|0x00000000e7100000, 0x00000000e7200000, 0x00000000e7200000|100%| E|CS|TAMS 0x00000000e7100000, 0x00000000e7100000| Complete 
| 114|0x00000000e7200000, 0x00000000e7300000, 0x00000000e7300000|100%| E|CS|TAMS 0x00000000e7200000, 0x00000000e7200000| Complete 
| 115|0x00000000e7300000, 0x00000000e7400000, 0x00000000e7400000|100%| E|CS|TAMS 0x00000000e7300000, 0x00000000e7300000| Complete 
| 116|0x00000000e7400000, 0x00000000e7500000, 0x00000000e7500000|100%| E|CS|TAMS 0x00000000e7400000, 0x00000000e7400000| Complete 
| 117|0x00000000e7500000, 0x00000000e7600000, 0x00000000e7600000|100%| E|CS|TAMS 0x00000000e7500000, 0x00000000e7500000| Complete 
| 118|0x00000000e7600000, 0x00000000e7700000, 0x00000000e7700000|100%| E|CS|TAMS 0x00000000e7600000, 0x00000000e7600000| Complete 
| 119|0x00000000e7700000, 0x00000000e7800000, 0x00000000e7800000|100%| E|CS|TAMS 0x00000000e7700000, 0x00000000e7700000| Complete 
| 120|0x00000000e7800000, 0x00000000e7900000, 0x00000000e7900000|100%| E|CS|TAMS 0x00000000e7800000, 0x00000000e7800000| Complete 
| 121|0x00000000e7900000, 0x00000000e7a00000, 0x00000000e7a00000|100%| E|CS|TAMS 0x00000000e7900000, 0x00000000e7900000| Complete 
| 122|0x00000000e7a00000, 0x00000000e7b00000, 0x00000000e7b00000|100%| E|CS|TAMS 0x00000000e7a00000, 0x00000000e7a00000| Complete 
| 123|0x00000000e7b00000, 0x00000000e7c00000, 0x00000000e7c00000|100%| E|CS|TAMS 0x00000000e7b00000, 0x00000000e7b00000| Complete 
| 124|0x00000000e7c00000, 0x00000000e7d00000, 0x00000000e7d00000|100%| E|CS|TAMS 0x00000000e7c00000, 0x00000000e7c00000| Complete 
| 125|0x00000000e7d00000, 0x00000000e7e00000, 0x00000000e7e00000|100%| E|CS|TAMS 0x00000000e7d00000, 0x00000000e7d00000| Complete 
| 126|0x00000000e7e00000, 0x00000000e7f00000, 0x00000000e7f00000|100%| E|CS|TAMS 0x00000000e7e00000, 0x00000000e7e00000| Complete 
| 127|0x00000000e7f00000, 0x00000000e8000000, 0x00000000e8000000|100%| E|CS|TAMS 0x00000000e7f00000, 0x00000000e7f00000| Complete 
| 128|0x00000000e8000000, 0x00000000e8100000, 0x00000000e8100000|100%| E|CS|TAMS 0x00000000e8000000, 0x00000000e8000000| Complete 
| 129|0x00000000e8100000, 0x00000000e8200000, 0x00000000e8200000|100%| E|CS|TAMS 0x00000000e8100000, 0x00000000e8100000| Complete 
| 130|0x00000000e8200000, 0x00000000e8300000, 0x00000000e8300000|100%| E|CS|TAMS 0x00000000e8200000, 0x00000000e8200000| Complete 
| 131|0x00000000e8300000, 0x00000000e8400000, 0x00000000e8400000|100%| E|CS|TAMS 0x00000000e8300000, 0x00000000e8300000| Complete 
| 132|0x00000000e8400000, 0x00000000e8500000, 0x00000000e8500000|100%| E|CS|TAMS 0x00000000e8400000, 0x00000000e8400000| Complete 
| 133|0x00000000e8500000, 0x00000000e8600000, 0x00000000e8600000|100%| E|CS|TAMS 0x00000000e8500000, 0x00000000e8500000| Complete 
| 134|0x00000000e8600000, 0x00000000e8700000, 0x00000000e8700000|100%| E|CS|TAMS 0x00000000e8600000, 0x00000000e8600000| Complete 
| 135|0x00000000e8700000, 0x00000000e8800000, 0x00000000e8800000|100%| E|CS|TAMS 0x00000000e8700000, 0x00000000e8700000| Complete 
| 136|0x00000000e8800000, 0x00000000e8900000, 0x00000000e8900000|100%| E|CS|TAMS 0x00000000e8800000, 0x00000000e8800000| Complete 
| 137|0x00000000e8900000, 0x00000000e8a00000, 0x00000000e8a00000|100%| S|CS|TAMS 0x00000000e8900000, 0x00000000e8900000| Complete 
| 138|0x00000000e8a00000, 0x00000000e8b00000, 0x00000000e8b00000|100%| E|CS|TAMS 0x00000000e8a00000, 0x00000000e8a00000| Complete 
| 139|0x00000000e8b00000, 0x00000000e8c00000, 0x00000000e8c00000|100%| E|CS|TAMS 0x00000000e8b00000, 0x00000000e8b00000| Complete 
| 140|0x00000000e8c00000, 0x00000000e8d00000, 0x00000000e8d00000|100%| E|CS|TAMS 0x00000000e8c00000, 0x00000000e8c00000| Complete 
| 141|0x00000000e8d00000, 0x00000000e8e00000, 0x00000000e8e00000|100%| E|CS|TAMS 0x00000000e8d00000, 0x00000000e8d00000| Complete 
| 142|0x00000000e8e00000, 0x00000000e8f00000, 0x00000000e8f00000|100%| E|CS|TAMS 0x00000000e8e00000, 0x00000000e8e00000| Complete 
| 143|0x00000000e8f00000, 0x00000000e9000000, 0x00000000e9000000|100%| S|CS|TAMS 0x00000000e8f00000, 0x00000000e8f00000| Complete 
| 144|0x00000000e9000000, 0x00000000e9100000, 0x00000000e9100000|100%| S|CS|TAMS 0x00000000e9000000, 0x00000000e9000000| Complete 
| 145|0x00000000e9100000, 0x00000000e9200000, 0x00000000e9200000|100%| S|CS|TAMS 0x00000000e9100000, 0x00000000e9100000| Complete 
| 146|0x00000000e9200000, 0x00000000e9300000, 0x00000000e9300000|100%| S|CS|TAMS 0x00000000e9200000, 0x00000000e9200000| Complete 
| 147|0x00000000e9300000, 0x00000000e9400000, 0x00000000e9400000|100%| S|CS|TAMS 0x00000000e9300000, 0x00000000e9300000| Complete 
| 148|0x00000000e9400000, 0x00000000e9500000, 0x00000000e9500000|100%| S|CS|TAMS 0x00000000e9400000, 0x00000000e9400000| Complete 
| 149|0x00000000e9500000, 0x00000000e9600000, 0x00000000e9600000|100%| S|CS|TAMS 0x00000000e9500000, 0x00000000e9500000| Complete 
| 150|0x00000000e9600000, 0x00000000e9700000, 0x00000000e9700000|100%| E|CS|TAMS 0x00000000e9600000, 0x00000000e9600000| Complete 
| 151|0x00000000e9700000, 0x00000000e9800000, 0x00000000e9800000|100%| E|CS|TAMS 0x00000000e9700000, 0x00000000e9700000| Complete 
| 152|0x00000000e9800000, 0x00000000e9900000, 0x00000000e9900000|100%| E|CS|TAMS 0x00000000e9800000, 0x00000000e9800000| Complete 
| 153|0x00000000e9900000, 0x00000000e9a00000, 0x00000000e9a00000|100%| E|CS|TAMS 0x00000000e9900000, 0x00000000e9900000| Complete 
| 154|0x00000000e9a00000, 0x00000000e9b00000, 0x00000000e9b00000|100%| E|CS|TAMS 0x00000000e9a00000, 0x00000000e9a00000| Complete 
| 155|0x00000000e9b00000, 0x00000000e9c00000, 0x00000000e9c00000|100%| E|CS|TAMS 0x00000000e9b00000, 0x00000000e9b00000| Complete 
| 156|0x00000000e9c00000, 0x00000000e9d00000, 0x00000000e9d00000|100%| E|CS|TAMS 0x00000000e9c00000, 0x00000000e9c00000| Complete 
| 157|0x00000000e9d00000, 0x00000000e9e00000, 0x00000000e9e00000|100%| E|CS|TAMS 0x00000000e9d00000, 0x00000000e9d00000| Complete 
| 158|0x00000000e9e00000, 0x00000000e9f00000, 0x00000000e9f00000|100%| E|CS|TAMS 0x00000000e9e00000, 0x00000000e9e00000| Complete 
| 159|0x00000000e9f00000, 0x00000000ea000000, 0x00000000ea000000|100%| E|CS|TAMS 0x00000000e9f00000, 0x00000000e9f00000| Complete 
| 160|0x00000000ea000000, 0x00000000ea100000, 0x00000000ea100000|100%| E|CS|TAMS 0x00000000ea000000, 0x00000000ea000000| Complete 
| 161|0x00000000ea100000, 0x00000000ea200000, 0x00000000ea200000|100%| E|CS|TAMS 0x00000000ea100000, 0x00000000ea100000| Complete 
| 162|0x00000000ea200000, 0x00000000ea300000, 0x00000000ea300000|100%| E|CS|TAMS 0x00000000ea200000, 0x00000000ea200000| Complete 
| 163|0x00000000ea300000, 0x00000000ea400000, 0x00000000ea400000|100%| E|CS|TAMS 0x00000000ea300000, 0x00000000ea300000| Complete 
| 164|0x00000000ea400000, 0x00000000ea500000, 0x00000000ea500000|100%| E|CS|TAMS 0x00000000ea400000, 0x00000000ea400000| Complete 
| 165|0x00000000ea500000, 0x00000000ea600000, 0x00000000ea600000|100%| E|CS|TAMS 0x00000000ea500000, 0x00000000ea500000| Complete 
| 166|0x00000000ea600000, 0x00000000ea700000, 0x00000000ea700000|100%| E|CS|TAMS 0x00000000ea600000, 0x00000000ea600000| Complete 
| 167|0x00000000ea700000, 0x00000000ea800000, 0x00000000ea800000|100%| E|CS|TAMS 0x00000000ea700000, 0x00000000ea700000| Complete 
| 168|0x00000000ea800000, 0x00000000ea900000, 0x00000000ea900000|100%| E|CS|TAMS 0x00000000ea800000, 0x00000000ea800000| Complete 
| 169|0x00000000ea900000, 0x00000000eaa00000, 0x00000000eaa00000|100%| E|CS|TAMS 0x00000000ea900000, 0x00000000ea900000| Complete 
| 170|0x00000000eaa00000, 0x00000000eab00000, 0x00000000eab00000|100%| E|CS|TAMS 0x00000000eaa00000, 0x00000000eaa00000| Complete 
| 171|0x00000000eab00000, 0x00000000eac00000, 0x00000000eac00000|100%| E|CS|TAMS 0x00000000eab00000, 0x00000000eab00000| Complete 
| 172|0x00000000eac00000, 0x00000000ead00000, 0x00000000ead00000|100%| E|CS|TAMS 0x00000000eac00000, 0x00000000eac00000| Complete 
| 173|0x00000000ead00000, 0x00000000eae00000, 0x00000000eae00000|100%| E|CS|TAMS 0x00000000ead00000, 0x00000000ead00000| Complete 
| 174|0x00000000eae00000, 0x00000000eaf00000, 0x00000000eaf00000|100%| E|CS|TAMS 0x00000000eae00000, 0x00000000eae00000| Complete 
| 175|0x00000000eaf00000, 0x00000000eb000000, 0x00000000eb000000|100%| E|CS|TAMS 0x00000000eaf00000, 0x00000000eaf00000| Complete 
| 176|0x00000000eb000000, 0x00000000eb100000, 0x00000000eb100000|100%| E|CS|TAMS 0x00000000eb000000, 0x00000000eb000000| Complete 
| 177|0x00000000eb100000, 0x00000000eb200000, 0x00000000eb200000|100%| E|CS|TAMS 0x00000000eb100000, 0x00000000eb100000| Complete 
| 178|0x00000000eb200000, 0x00000000eb300000, 0x00000000eb300000|100%| E|CS|TAMS 0x00000000eb200000, 0x00000000eb200000| Complete 
| 179|0x00000000eb300000, 0x00000000eb400000, 0x00000000eb400000|100%| E|CS|TAMS 0x00000000eb300000, 0x00000000eb300000| Complete 
| 180|0x00000000eb400000, 0x00000000eb500000, 0x00000000eb500000|100%| E|CS|TAMS 0x00000000eb400000, 0x00000000eb400000| Complete 
| 181|0x00000000eb500000, 0x00000000eb600000, 0x00000000eb600000|100%| E|CS|TAMS 0x00000000eb500000, 0x00000000eb500000| Complete 
| 182|0x00000000eb600000, 0x00000000eb700000, 0x00000000eb700000|100%| E|CS|TAMS 0x00000000eb600000, 0x00000000eb600000| Complete 
| 183|0x00000000eb700000, 0x00000000eb800000, 0x00000000eb800000|100%| E|CS|TAMS 0x00000000eb700000, 0x00000000eb700000| Complete 
| 184|0x00000000eb800000, 0x00000000eb900000, 0x00000000eb900000|100%| E|CS|TAMS 0x00000000eb800000, 0x00000000eb800000| Complete 
| 185|0x00000000eb900000, 0x00000000eba00000, 0x00000000eba00000|100%| E|CS|TAMS 0x00000000eb900000, 0x00000000eb900000| Complete 
| 186|0x00000000eba00000, 0x00000000ebb00000, 0x00000000ebb00000|100%| E|CS|TAMS 0x00000000eba00000, 0x00000000eba00000| Complete 
| 187|0x00000000ebb00000, 0x00000000ebc00000, 0x00000000ebc00000|100%| E|CS|TAMS 0x00000000ebb00000, 0x00000000ebb00000| Complete 
| 188|0x00000000ebc00000, 0x00000000ebd00000, 0x00000000ebd00000|100%| E|CS|TAMS 0x00000000ebc00000, 0x00000000ebc00000| Complete 
| 189|0x00000000ebd00000, 0x00000000ebe00000, 0x00000000ebe00000|100%| E|CS|TAMS 0x00000000ebd00000, 0x00000000ebd00000| Complete 
| 190|0x00000000ebe00000, 0x00000000ebf00000, 0x00000000ebf00000|100%| E|CS|TAMS 0x00000000ebe00000, 0x00000000ebe00000| Complete 
| 191|0x00000000ebf00000, 0x00000000ec000000, 0x00000000ec000000|100%| E|CS|TAMS 0x00000000ebf00000, 0x00000000ebf00000| Complete 
| 192|0x00000000ec000000, 0x00000000ec100000, 0x00000000ec100000|100%| E|CS|TAMS 0x00000000ec000000, 0x00000000ec000000| Complete 
| 193|0x00000000ec100000, 0x00000000ec200000, 0x00000000ec200000|100%| E|CS|TAMS 0x00000000ec100000, 0x00000000ec100000| Complete 
| 194|0x00000000ec200000, 0x00000000ec300000, 0x00000000ec300000|100%| E|CS|TAMS 0x00000000ec200000, 0x00000000ec200000| Complete 
| 195|0x00000000ec300000, 0x00000000ec400000, 0x00000000ec400000|100%| E|CS|TAMS 0x00000000ec300000, 0x00000000ec300000| Complete 
| 196|0x00000000ec400000, 0x00000000ec500000, 0x00000000ec500000|100%| E|CS|TAMS 0x00000000ec400000, 0x00000000ec400000| Complete 
| 197|0x00000000ec500000, 0x00000000ec600000, 0x00000000ec600000|100%| E|CS|TAMS 0x00000000ec500000, 0x00000000ec500000| Complete 
| 198|0x00000000ec600000, 0x00000000ec700000, 0x00000000ec700000|100%| E|CS|TAMS 0x00000000ec600000, 0x00000000ec600000| Complete 
| 199|0x00000000ec700000, 0x00000000ec800000, 0x00000000ec800000|100%| E|CS|TAMS 0x00000000ec700000, 0x00000000ec700000| Complete 
| 200|0x00000000ec800000, 0x00000000ec900000, 0x00000000ec900000|100%| E|CS|TAMS 0x00000000ec800000, 0x00000000ec800000| Complete 
| 201|0x00000000ec900000, 0x00000000eca00000, 0x00000000eca00000|100%| E|CS|TAMS 0x00000000ec900000, 0x00000000ec900000| Complete 
| 202|0x00000000eca00000, 0x00000000ecb00000, 0x00000000ecb00000|100%| E|CS|TAMS 0x00000000eca00000, 0x00000000eca00000| Complete 
| 203|0x00000000ecb00000, 0x00000000ecc00000, 0x00000000ecc00000|100%| E|CS|TAMS 0x00000000ecb00000, 0x00000000ecb00000| Complete 
| 204|0x00000000ecc00000, 0x00000000ecd00000, 0x00000000ecd00000|100%| E|CS|TAMS 0x00000000ecc00000, 0x00000000ecc00000| Complete 
| 205|0x00000000ecd00000, 0x00000000ece00000, 0x00000000ece00000|100%| E|CS|TAMS 0x00000000ecd00000, 0x00000000ecd00000| Complete 
| 206|0x00000000ece00000, 0x00000000ecf00000, 0x00000000ecf00000|100%| E|CS|TAMS 0x00000000ece00000, 0x00000000ece00000| Complete 
| 207|0x00000000ecf00000, 0x00000000ed000000, 0x00000000ed000000|100%| E|CS|TAMS 0x00000000ecf00000, 0x00000000ecf00000| Complete 
| 208|0x00000000ed000000, 0x00000000ed100000, 0x00000000ed100000|100%| E|CS|TAMS 0x00000000ed000000, 0x00000000ed000000| Complete 
| 209|0x00000000ed100000, 0x00000000ed200000, 0x00000000ed200000|100%| E|CS|TAMS 0x00000000ed100000, 0x00000000ed100000| Complete 
| 210|0x00000000ed200000, 0x00000000ed300000, 0x00000000ed300000|100%| E|CS|TAMS 0x00000000ed200000, 0x00000000ed200000| Complete 
| 211|0x00000000ed300000, 0x00000000ed400000, 0x00000000ed400000|100%| E|CS|TAMS 0x00000000ed300000, 0x00000000ed300000| Complete 
| 212|0x00000000ed400000, 0x00000000ed500000, 0x00000000ed500000|100%| E|CS|TAMS 0x00000000ed400000, 0x00000000ed400000| Complete 
| 213|0x00000000ed500000, 0x00000000ed600000, 0x00000000ed600000|100%| E|CS|TAMS 0x00000000ed500000, 0x00000000ed500000| Complete 
| 214|0x00000000ed600000, 0x00000000ed700000, 0x00000000ed700000|100%| E|CS|TAMS 0x00000000ed600000, 0x00000000ed600000| Complete 
| 215|0x00000000ed700000, 0x00000000ed800000, 0x00000000ed800000|100%| E|CS|TAMS 0x00000000ed700000, 0x00000000ed700000| Complete 
| 216|0x00000000ed800000, 0x00000000ed900000, 0x00000000ed900000|100%| E|CS|TAMS 0x00000000ed800000, 0x00000000ed800000| Complete 
| 217|0x00000000ed900000, 0x00000000eda00000, 0x00000000eda00000|100%| E|CS|TAMS 0x00000000ed900000, 0x00000000ed900000| Complete 
| 218|0x00000000eda00000, 0x00000000edb00000, 0x00000000edb00000|100%| E|CS|TAMS 0x00000000eda00000, 0x00000000eda00000| Complete 
| 219|0x00000000edb00000, 0x00000000edc00000, 0x00000000edc00000|100%| E|CS|TAMS 0x00000000edb00000, 0x00000000edb00000| Complete 
| 220|0x00000000edc00000, 0x00000000edd00000, 0x00000000edd00000|100%| E|CS|TAMS 0x00000000edc00000, 0x00000000edc00000| Complete 
| 221|0x00000000edd00000, 0x00000000ede00000, 0x00000000ede00000|100%| E|CS|TAMS 0x00000000edd00000, 0x00000000edd00000| Complete 
| 222|0x00000000ede00000, 0x00000000edf00000, 0x00000000edf00000|100%| E|CS|TAMS 0x00000000ede00000, 0x00000000ede00000| Complete 
| 223|0x00000000edf00000, 0x00000000ee000000, 0x00000000ee000000|100%| E|CS|TAMS 0x00000000edf00000, 0x00000000edf00000| Complete 
| 224|0x00000000ee000000, 0x00000000ee100000, 0x00000000ee100000|100%| E|CS|TAMS 0x00000000ee000000, 0x00000000ee000000| Complete 
| 225|0x00000000ee100000, 0x00000000ee200000, 0x00000000ee200000|100%| E|CS|TAMS 0x00000000ee100000, 0x00000000ee100000| Complete 
| 226|0x00000000ee200000, 0x00000000ee300000, 0x00000000ee300000|100%| E|CS|TAMS 0x00000000ee200000, 0x00000000ee200000| Complete 
| 227|0x00000000ee300000, 0x00000000ee400000, 0x00000000ee400000|100%| E|CS|TAMS 0x00000000ee300000, 0x00000000ee300000| Complete 
| 228|0x00000000ee400000, 0x00000000ee500000, 0x00000000ee500000|100%| E|CS|TAMS 0x00000000ee400000, 0x00000000ee400000| Complete 
| 229|0x00000000ee500000, 0x00000000ee600000, 0x00000000ee600000|100%| E|CS|TAMS 0x00000000ee500000, 0x00000000ee500000| Complete 
| 230|0x00000000ee600000, 0x00000000ee700000, 0x00000000ee700000|100%| E|CS|TAMS 0x00000000ee600000, 0x00000000ee600000| Complete 
| 231|0x00000000ee700000, 0x00000000ee800000, 0x00000000ee800000|100%| E|CS|TAMS 0x00000000ee700000, 0x00000000ee700000| Complete 
| 232|0x00000000ee800000, 0x00000000ee900000, 0x00000000ee900000|100%| E|CS|TAMS 0x00000000ee800000, 0x00000000ee800000| Complete 
| 233|0x00000000ee900000, 0x00000000eea00000, 0x00000000eea00000|100%| E|CS|TAMS 0x00000000ee900000, 0x00000000ee900000| Complete 
| 234|0x00000000eea00000, 0x00000000eeb00000, 0x00000000eeb00000|100%| E|CS|TAMS 0x00000000eea00000, 0x00000000eea00000| Complete 
| 235|0x00000000eeb00000, 0x00000000eec00000, 0x00000000eec00000|100%| E|CS|TAMS 0x00000000eeb00000, 0x00000000eeb00000| Complete 
| 236|0x00000000eec00000, 0x00000000eed00000, 0x00000000eed00000|100%| E|CS|TAMS 0x00000000eec00000, 0x00000000eec00000| Complete 
| 237|0x00000000eed00000, 0x00000000eee00000, 0x00000000eee00000|100%| E|CS|TAMS 0x00000000eed00000, 0x00000000eed00000| Complete 
| 238|0x00000000eee00000, 0x00000000eef00000, 0x00000000eef00000|100%| E|CS|TAMS 0x00000000eee00000, 0x00000000eee00000| Complete 
| 239|0x00000000eef00000, 0x00000000ef000000, 0x00000000ef000000|100%| E|CS|TAMS 0x00000000eef00000, 0x00000000eef00000| Complete 
| 240|0x00000000ef000000, 0x00000000ef100000, 0x00000000ef100000|100%| E|CS|TAMS 0x00000000ef000000, 0x00000000ef000000| Complete 
| 241|0x00000000ef100000, 0x00000000ef200000, 0x00000000ef200000|100%| E|CS|TAMS 0x00000000ef100000, 0x00000000ef100000| Complete 
| 242|0x00000000ef200000, 0x00000000ef300000, 0x00000000ef300000|100%| E|CS|TAMS 0x00000000ef200000, 0x00000000ef200000| Complete 
| 243|0x00000000ef300000, 0x00000000ef400000, 0x00000000ef400000|100%| E|CS|TAMS 0x00000000ef300000, 0x00000000ef300000| Complete 
| 244|0x00000000ef400000, 0x00000000ef500000, 0x00000000ef500000|100%| E|CS|TAMS 0x00000000ef400000, 0x00000000ef400000| Complete 
| 245|0x00000000ef500000, 0x00000000ef600000, 0x00000000ef600000|100%| E|CS|TAMS 0x00000000ef500000, 0x00000000ef500000| Complete 
| 246|0x00000000ef600000, 0x00000000ef700000, 0x00000000ef700000|100%| E|CS|TAMS 0x00000000ef600000, 0x00000000ef600000| Complete 
| 247|0x00000000ef700000, 0x00000000ef800000, 0x00000000ef800000|100%| E|CS|TAMS 0x00000000ef700000, 0x00000000ef700000| Complete 
| 248|0x00000000ef800000, 0x00000000ef900000, 0x00000000ef900000|100%| E|CS|TAMS 0x00000000ef800000, 0x00000000ef800000| Complete 
| 249|0x00000000ef900000, 0x00000000efa00000, 0x00000000efa00000|100%| E|CS|TAMS 0x00000000ef900000, 0x00000000ef900000| Complete 
| 250|0x00000000efa00000, 0x00000000efb00000, 0x00000000efb00000|100%| E|CS|TAMS 0x00000000efa00000, 0x00000000efa00000| Complete 
| 251|0x00000000efb00000, 0x00000000efc00000, 0x00000000efc00000|100%| E|CS|TAMS 0x00000000efb00000, 0x00000000efb00000| Complete 
| 252|0x00000000efc00000, 0x00000000efd00000, 0x00000000efd00000|100%| E|CS|TAMS 0x00000000efc00000, 0x00000000efc00000| Complete 
| 253|0x00000000efd00000, 0x00000000efe00000, 0x00000000efe00000|100%| E|CS|TAMS 0x00000000efd00000, 0x00000000efd00000| Complete 
| 254|0x00000000efe00000, 0x00000000eff00000, 0x00000000eff00000|100%| E|CS|TAMS 0x00000000efe00000, 0x00000000efe00000| Complete 
| 255|0x00000000eff00000, 0x00000000f0000000, 0x00000000f0000000|100%| E|CS|TAMS 0x00000000eff00000, 0x00000000eff00000| Complete 

Card table byte_map: [0x000002df47940000,0x000002df47a40000] _byte_map_base: 0x000002df47240000

Marking Bits (Prev, Next): (CMBitMap*) 0x000002df31119260, (CMBitMap*) 0x000002df311192a0
 Prev Bits: [0x000002df47b40000, 0x000002df48340000)
 Next Bits: [0x000002df48340000, 0x000002df48b40000)

Polling page: 0x000002df2f100000

Metaspace:

Usage:
  Non-class:     41.91 MB used.
      Class:      6.75 MB used.
       Both:     48.66 MB used.

Virtual space:
  Non-class space:       48.00 MB reserved,      42.19 MB ( 88%) committed,  6 nodes.
      Class space:      208.00 MB reserved,       7.00 MB (  3%) committed,  1 nodes.
             Both:      256.00 MB reserved,      49.19 MB ( 19%) committed. 

Chunk freelists:
   Non-Class:  1.69 MB
       Class:  1.01 MB
        Both:  2.70 MB

MaxMetaspaceSize: 256.00 MB
CompressedClassSpaceSize: 208.00 MB
Initial GC threshold: 21.00 MB
Current GC threshold: 58.69 MB
CDS: on
MetaspaceReclaimPolicy: balanced
 - commit_granule_bytes: 65536.
 - commit_granule_words: 8192.
 - virtual_space_node_default_size: 1048576.
 - enlarge_chunks_in_place: 1.
 - new_chunks_are_fully_committed: 0.
 - uncommit_free_chunks: 1.
 - use_allocation_guard: 0.
 - handle_deallocations: 1.


Internal statistics:

num_allocs_failed_limit: 6.
num_arena_births: 586.
num_arena_deaths: 0.
num_vsnodes_births: 7.
num_vsnodes_deaths: 0.
num_space_committed: 787.
num_space_uncommitted: 0.
num_chunks_returned_to_freelist: 6.
num_chunks_taken_from_freelist: 2545.
num_chunk_merges: 6.
num_chunk_splits: 1652.
num_chunks_enlarged: 1090.
num_purges: 0.
num_inconsistent_stats: 0.

CodeHeap 'non-profiled nmethods': size=120000Kb used=3651Kb max_used=3651Kb free=116348Kb
 bounds [0x000002df40410000, 0x000002df407b0000, 0x000002df47940000]
CodeHeap 'profiled nmethods': size=120000Kb used=14248Kb max_used=14248Kb free=105751Kb
 bounds [0x000002df38ee0000, 0x000002df39cd0000, 0x000002df40410000]
CodeHeap 'non-nmethods': size=5760Kb used=2328Kb max_used=2385Kb free=3431Kb
 bounds [0x000002df38940000, 0x000002df38bb0000, 0x000002df38ee0000]
 total_blobs=7913 nmethods=7069 adapters=756
 compilation: enabled
              stopped_count=0, restarted_count=0
 full_count=0

Compilation events (20 events):
Event: 36.513 Thread 0x000002df4b11af00 7849       1       io.spring.gradle.dependencymanagement.org.apache.maven.model.License::setUrl (6 bytes)
Event: 36.514 Thread 0x000002df4b11af00 nmethod 7849 0x000002df407a0210 code [0x000002df407a03a0, 0x000002df407a04b8]
Event: 36.521 Thread 0x000002df4b11af00 7850   !   3       io.spring.gradle.dependencymanagement.org.apache.maven.model.profile.DefaultProfileSelector::isActive (99 bytes)
Event: 36.523 Thread 0x000002df4b11af00 nmethod 7850 0x000002df39cb5d10 code [0x000002df39cb5fe0, 0x000002df39cb6f28]
Event: 36.523 Thread 0x000002df4b11af00 7851       1       io.spring.gradle.dependencymanagement.org.apache.maven.model.IssueManagement::setSystem (6 bytes)
Event: 36.523 Thread 0x000002df4b11af00 nmethod 7851 0x000002df407a0510 code [0x000002df407a06a0, 0x000002df407a07b8]
Event: 36.530 Thread 0x000002df4b11af00 7854       2       java.util.StringTokenizer::skipDelimiters (116 bytes)
Event: 36.532 Thread 0x000002df4b11af00 nmethod 7854 0x000002df39cb7410 code [0x000002df39cb7620, 0x000002df39cb7be8]
Event: 36.536 Thread 0x000002df4b11af00 7855       2       org.gradle.internal.component.external.model.NoOpDerivationStrategy::getInstance (4 bytes)
Event: 36.537 Thread 0x000002df4b11af00 nmethod 7855 0x000002df39324110 code [0x000002df393242a0, 0x000002df39324398]
Event: 36.537 Thread 0x000002df4b11af00 7856       2       java.util.concurrent.CopyOnWriteArraySet::contains (9 bytes)
Event: 36.538 Thread 0x000002df4b11af00 nmethod 7856 0x000002df39cb7f90 code [0x000002df39cb8120, 0x000002df39cb8268]
Event: 36.538 Thread 0x000002df4b11af00 7857       2       java.util.concurrent.CopyOnWriteArrayList::contains (14 bytes)
Event: 36.538 Thread 0x000002df4b11af00 nmethod 7857 0x000002df39cb8390 code [0x000002df39cb8520, 0x000002df39cb8648]
Event: 36.538 Thread 0x000002df4b11af00 7858       2       java.util.concurrent.CopyOnWriteArrayList::indexOf (14 bytes)
Event: 36.538 Thread 0x000002df4b11af00 nmethod 7858 0x000002df39cb8710 code [0x000002df39cb88a0, 0x000002df39cb89e8]
Event: 36.554 Thread 0x000002df4b11af00 7859       2       org.gradle.internal.model.CalculatedValueContainer::get (8 bytes)
Event: 36.555 Thread 0x000002df4b11af00 nmethod 7859 0x000002df39cb8b10 code [0x000002df39cb8cc0, 0x000002df39cb8df8]
Event: 36.565 Thread 0x000002df4b11af00 7860       2       org.gradle.api.internal.artifacts.ivyservice.resolutionstrategy.DefaultResolutionStrategy_Decorated::isDependencyLockingEnabled (45 bytes)
Event: 36.566 Thread 0x000002df4b11af00 nmethod 7860 0x000002df39cb8f10 code [0x000002df39cb90c0, 0x000002df39cb92f8]

GC Heap History (12 events):
Event: 2.468 GC heap before
{Heap before GC invocations=0 (full 0):
 garbage-first heap   total 262144K, used 12288K [0x00000000e0000000, 0x0000000100000000)
  region size 1024K, 13 young (13312K), 0 survivors (0K)
 Metaspace       used 972K, committed 1088K, reserved 221184K
  class space    used 74K, committed 128K, reserved 212992K
}
Event: 2.474 GC heap after
{Heap after GC invocations=1 (full 0):
 garbage-first heap   total 262144K, used 3801K [0x00000000e0000000, 0x0000000100000000)
  region size 1024K, 2 young (2048K), 2 survivors (2048K)
 Metaspace       used 972K, committed 1088K, reserved 221184K
  class space    used 74K, committed 128K, reserved 212992K
}
Event: 4.520 GC heap before
{Heap before GC invocations=1 (full 0):
 garbage-first heap   total 262144K, used 21209K [0x00000000e0000000, 0x0000000100000000)
  region size 1024K, 17 young (17408K), 2 survivors (2048K)
 Metaspace       used 3810K, committed 3968K, reserved 221184K
  class space    used 474K, committed 576K, reserved 212992K
}
Event: 4.526 GC heap after
{Heap after GC invocations=2 (full 0):
 garbage-first heap   total 262144K, used 9482K [0x00000000e0000000, 0x0000000100000000)
  region size 1024K, 3 young (3072K), 3 survivors (3072K)
 Metaspace       used 3810K, committed 3968K, reserved 221184K
  class space    used 474K, committed 576K, reserved 212992K
}
Event: 6.112 GC heap before
{Heap before GC invocations=2 (full 0):
 garbage-first heap   total 262144K, used 30986K [0x00000000e0000000, 0x0000000100000000)
  region size 1024K, 24 young (24576K), 3 survivors (3072K)
 Metaspace       used 3940K, committed 4096K, reserved 221184K
  class space    used 475K, committed 576K, reserved 212992K
}
Event: 6.119 GC heap after
{Heap after GC invocations=3 (full 0):
 garbage-first heap   total 262144K, used 12024K [0x00000000e0000000, 0x0000000100000000)
  region size 1024K, 3 young (3072K), 3 survivors (3072K)
 Metaspace       used 3940K, committed 4096K, reserved 221184K
  class space    used 475K, committed 576K, reserved 212992K
}
Event: 13.555 GC heap before
{Heap before GC invocations=3 (full 0):
 garbage-first heap   total 262144K, used 112376K [0x00000000e0000000, 0x0000000100000000)
  region size 1024K, 102 young (104448K), 3 survivors (3072K)
 Metaspace       used 21212K, committed 21504K, reserved 237568K
  class space    used 3167K, committed 3328K, reserved 212992K
}
Event: 13.574 GC heap after
{Heap after GC invocations=4 (full 0):
 garbage-first heap   total 262144K, used 20488K [0x00000000e0000000, 0x0000000100000000)
  region size 1024K, 11 young (11264K), 11 survivors (11264K)
 Metaspace       used 21212K, committed 21504K, reserved 237568K
  class space    used 3167K, committed 3328K, reserved 212992K
}
Event: 22.930 GC heap before
{Heap before GC invocations=5 (full 0):
 garbage-first heap   total 262144K, used 121864K [0x00000000e0000000, 0x0000000100000000)
  region size 1024K, 108 young (110592K), 11 survivors (11264K)
 Metaspace       used 35592K, committed 35968K, reserved 245760K
  class space    used 4891K, committed 5120K, reserved 212992K
}
Event: 22.962 GC heap after
{Heap after GC invocations=6 (full 0):
 garbage-first heap   total 262144K, used 29713K [0x00000000e0000000, 0x0000000100000000)
  region size 1024K, 10 young (10240K), 10 survivors (10240K)
 Metaspace       used 35592K, committed 35968K, reserved 245760K
  class space    used 4891K, committed 5120K, reserved 212992K
}
Event: 29.878 GC heap before
{Heap before GC invocations=7 (full 0):
 garbage-first heap   total 262144K, used 133137K [0x00000000e0000000, 0x0000000100000000)
  region size 1024K, 111 young (113664K), 10 survivors (10240K)
 Metaspace       used 45297K, committed 45824K, reserved 253952K
  class space    used 6403K, committed 6656K, reserved 212992K
}
Event: 29.909 GC heap after
{Heap after GC invocations=8 (full 0):
 garbage-first heap   total 262144K, used 36864K [0x00000000e0000000, 0x0000000100000000)
  region size 1024K, 8 young (8192K), 8 survivors (8192K)
 Metaspace       used 45297K, committed 45824K, reserved 253952K
  class space    used 6403K, committed 6656K, reserved 212992K
}

Deoptimization events (20 events):
Event: 34.726 Thread 0x000002df4f757730 DEOPT PACKING pc=0x000002df392985ab sp=0x000000f4f75f9b50
Event: 34.726 Thread 0x000002df4f757730 DEOPT UNPACKING pc=0x000002df38992b43 sp=0x000000f4f75f9040 mode 0
Event: 34.779 Thread 0x000002df4f757730 DEOPT PACKING pc=0x000002df39392b4b sp=0x000000f4f75f9c30
Event: 34.779 Thread 0x000002df4f757730 DEOPT UNPACKING pc=0x000002df38992b43 sp=0x000000f4f75f90e0 mode 0
Event: 34.787 Thread 0x000002df4f757730 DEOPT PACKING pc=0x000002df392985ab sp=0x000000f4f75f9db0
Event: 34.787 Thread 0x000002df4f757730 DEOPT UNPACKING pc=0x000002df38992b43 sp=0x000000f4f75f92a8 mode 0
Event: 35.064 Thread 0x000002df4f757730 DEOPT PACKING pc=0x000002df392985ab sp=0x000000f4f75f9b30
Event: 35.064 Thread 0x000002df4f757730 DEOPT UNPACKING pc=0x000002df38992b43 sp=0x000000f4f75f9020 mode 0
Event: 35.187 Thread 0x000002df4f757730 DEOPT PACKING pc=0x000002df396ddcc3 sp=0x000000f4f75f7840
Event: 35.187 Thread 0x000002df4f757730 DEOPT UNPACKING pc=0x000002df38992b43 sp=0x000000f4f75f6cc8 mode 0
Event: 35.307 Thread 0x000002df4f757730 Uncommon trap: trap_request=0xffffff45 fr.pc=0x000002df4068a6c0 relative=0x0000000000002440
Event: 35.307 Thread 0x000002df4f757730 Uncommon trap: reason=unstable_if action=reinterpret pc=0x000002df4068a6c0 method=io.spring.gradle.dependencymanagement.org.codehaus.plexus.util.xml.pull.MXParser.isS(C)Z @ 21 c2
Event: 35.307 Thread 0x000002df4f757730 DEOPT PACKING pc=0x000002df4068a6c0 sp=0x000000f4f75f9e30
Event: 35.307 Thread 0x000002df4f757730 DEOPT UNPACKING pc=0x000002df389923a3 sp=0x000000f4f75f9d68 mode 2
Event: 35.461 Thread 0x000002df4f757730 DEOPT PACKING pc=0x000002df3926ffdc sp=0x000000f4f75f73c0
Event: 35.461 Thread 0x000002df4f757730 DEOPT UNPACKING pc=0x000002df38992b43 sp=0x000000f4f75f6940 mode 0
Event: 36.528 Thread 0x000002df4f757730 Uncommon trap: trap_request=0xffffff45 fr.pc=0x000002df404daaa0 relative=0x0000000000000200
Event: 36.528 Thread 0x000002df4f757730 Uncommon trap: reason=unstable_if action=reinterpret pc=0x000002df404daaa0 method=java.util.StringTokenizer.skipDelimiters(I)I @ 64 c2
Event: 36.528 Thread 0x000002df4f757730 DEOPT PACKING pc=0x000002df404daaa0 sp=0x000000f4f75f9aa0
Event: 36.528 Thread 0x000002df4f757730 DEOPT UNPACKING pc=0x000002df389923a3 sp=0x000000f4f75f9a30 mode 2

Classes unloaded (0 events):
No events

Classes redefined (0 events):
No events

Internal exceptions (20 events):
Event: 30.493 Thread 0x000002df4c046080 Exception <a 'java/lang/ClassNotFoundException'{0x00000000ef3c4060}: org/gradle/api/tasks/CopyCustomizer> (0x00000000ef3c4060) 
thrown [t:\workspace\open\src\hotspot\share\classfile\systemDictionary.cpp, line 256]
Event: 30.496 Thread 0x000002df4c046080 Exception <a 'java/lang/ClassNotFoundException'{0x00000000ef3e6be0}: org/gradle/language/jvm/tasks/ProcessResourcesCustomizer> (0x00000000ef3e6be0) 
thrown [t:\workspace\open\src\hotspot\share\classfile\systemDictionary.cpp, line 256]
Event: 30.498 Thread 0x000002df4c046080 Exception <a 'java/lang/ClassNotFoundException'{0x00000000ef206ba0}: org/gradle/language/jvm/tasks/ProcessResources_DecoratedCustomizer> (0x00000000ef206ba0) 
thrown [t:\workspace\open\src\hotspot\share\classfile\systemDictionary.cpp, line 256]
Event: 30.508 Thread 0x000002df4c046080 Exception <a 'java/lang/ClassNotFoundException'{0x00000000ef29fdb0}: org/gradle/api/DefaultTask_DecoratedBeanInfo> (0x00000000ef29fdb0) 
thrown [t:\workspace\open\src\hotspot\share\classfile\systemDictionary.cpp, line 256]
Event: 30.509 Thread 0x000002df4c046080 Exception <a 'java/lang/ClassNotFoundException'{0x00000000ef2aa018}: org/gradle/api/DefaultTask_DecoratedCustomizer> (0x00000000ef2aa018) 
thrown [t:\workspace\open\src\hotspot\share\classfile\systemDictionary.cpp, line 256]
Event: 30.545 Thread 0x000002df4c046080 Exception <a 'java/lang/ClassNotFoundException'{0x00000000ef14b848}: org/gradle/api/tasks/testing/AbstractTestTaskBeanInfo> (0x00000000ef14b848) 
thrown [t:\workspace\open\src\hotspot\share\classfile\systemDictionary.cpp, line 256]
Event: 30.547 Thread 0x000002df4c046080 Exception <a 'java/lang/ClassNotFoundException'{0x00000000ef1580b0}: org/gradle/api/tasks/testing/AbstractTestTaskCustomizer> (0x00000000ef1580b0) 
thrown [t:\workspace\open\src\hotspot\share\classfile\systemDictionary.cpp, line 256]
Event: 30.561 Thread 0x000002df4c046080 Exception <a 'java/lang/ClassNotFoundException'{0x00000000ef1d0dc8}: java/lang/ClassBeanInfo> (0x00000000ef1d0dc8) 
thrown [t:\workspace\open\src\hotspot\share\classfile\systemDictionary.cpp, line 256]
Event: 30.562 Thread 0x000002df4c046080 Exception <a 'java/lang/ClassNotFoundException'{0x00000000ef1d6848}: java/lang/ClassCustomizer> (0x00000000ef1d6848) 
thrown [t:\workspace\open\src\hotspot\share\classfile\systemDictionary.cpp, line 256]
Event: 30.584 Thread 0x000002df4c046080 Implicit null exception at 0x000002df405ff6a2 to 0x000002df40600060
Event: 30.662 Thread 0x000002df4f757730 Exception <a 'java/lang/NoSuchMethodError'{0x00000000eeeaddf8}: 'java.lang.Object java.lang.invoke.DirectMethodHandle$Holder.newInvokeSpecial(java.lang.Object, java.lang.Object, java.lang.Object, java.lang.Object, int, java.lang.Object)'> (0x00000000eeeaddf8) 
thrown [t:\workspace\open\src\hotspot\share\interpreter\linkResolver.cpp, line 766]
Event: 30.662 Thread 0x000002df4f757730 Exception <a 'java/lang/NoSuchMethodError'{0x00000000eeeb2160}: 'java.lang.Object java.lang.invoke.Invokers$Holder.linkToTargetMethod(java.lang.Object, java.lang.Object, java.lang.Object, int, java.lang.Object, java.lang.Object)'> (0x00000000eeeb2160) 
thrown [t:\workspace\open\src\hotspot\share\interpreter\linkResolver.cpp, line 766]
Event: 30.693 Thread 0x000002df4f757730 Exception <a 'java/lang/NoSuchMethodError'{0x00000000eed40f28}: 'void java.lang.invoke.DirectMethodHandle$Holder.invokeInterface(java.lang.Object, java.lang.Object, java.lang.Object, java.lang.Object)'> (0x00000000eed40f28) 
thrown [t:\workspace\open\src\hotspot\share\interpreter\linkResolver.cpp, line 766]
Event: 30.811 Thread 0x000002df4b17bb10 Exception <a 'java/lang/NoSuchMethodError'{0x00000000eff0e6b0}: static Lorg/gradle/internal/build/event/types/DefaultTaskStartedProgressEvent;.<clinit>()V> (0x00000000eff0e6b0) 
thrown [t:\workspace\open\src\hotspot\share\prims\jni.cpp, line 1107]
Event: 30.814 Thread 0x000002df4b17bb10 Exception <a 'java/lang/NoSuchMethodError'{0x00000000eff0fd18}: static Lorg/gradle/internal/build/event/types/AbstractProgressEvent;.<clinit>()V> (0x00000000eff0fd18) 
thrown [t:\workspace\open\src\hotspot\share\prims\jni.cpp, line 1107]
Event: 30.816 Thread 0x000002df4b17bb10 Exception <a 'java/lang/NoSuchMethodError'{0x00000000eff19a30}: static Lorg/gradle/internal/build/event/types/DefaultTaskDescriptor;.<clinit>()V> (0x00000000eff19a30) 
thrown [t:\workspace\open\src\hotspot\share\prims\jni.cpp, line 1107]
Event: 30.837 Thread 0x000002df4b17bb10 Exception <a 'java/lang/NoSuchMethodError'{0x00000000eeb0fb78}: static Lorg/gradle/internal/operations/OperationIdentifier;.<clinit>()V> (0x00000000eeb0fb78) 
thrown [t:\workspace\open\src\hotspot\share\prims\jni.cpp, line 1107]
Event: 30.838 Thread 0x000002df4b17bb10 Exception <a 'java/lang/NoSuchMethodError'{0x00000000eeb174f8}: static Lorg/gradle/internal/build/event/types/DefaultBinaryPluginIdentifier;.<clinit>()V> (0x00000000eeb174f8) 
thrown [t:\workspace\open\src\hotspot\share\prims\jni.cpp, line 1107]
Event: 30.878 Thread 0x000002df4f757730 Exception <a 'java/lang/IncompatibleClassChangeError'{0x00000000eeb63ea0}: Found class java.lang.Object, but interface was expected> (0x00000000eeb63ea0) 
thrown [t:\workspace\open\src\hotspot\share\interpreter\linkResolver.cpp, line 833]
Event: 31.585 Thread 0x000002df4f757730 Exception <a 'java/lang/IncompatibleClassChangeError'{0x00000000ee5a83d8}: Found class java.lang.Object, but interface was expected> (0x00000000ee5a83d8) 
thrown [t:\workspace\open\src\hotspot\share\interpreter\linkResolver.cpp, line 833]

VM Operations (20 events):
Event: 32.063 Executing VM operation: ICBufferFull
Event: 32.063 Executing VM operation: ICBufferFull done
Event: 32.065 Executing VM operation: ICBufferFull
Event: 32.065 Executing VM operation: ICBufferFull done
Event: 32.068 Executing VM operation: ICBufferFull
Event: 32.068 Executing VM operation: ICBufferFull done
Event: 32.428 Executing VM operation: HandshakeAllThreads
Event: 32.428 Executing VM operation: HandshakeAllThreads done
Event: 32.736 Executing VM operation: ICBufferFull
Event: 32.737 Executing VM operation: ICBufferFull done
Event: 32.846 Executing VM operation: HandshakeAllThreads
Event: 32.846 Executing VM operation: HandshakeAllThreads done
Event: 33.847 Executing VM operation: Cleanup
Event: 33.847 Executing VM operation: Cleanup done
Event: 34.362 Executing VM operation: HandshakeAllThreads
Event: 34.362 Executing VM operation: HandshakeAllThreads done
Event: 34.514 Executing VM operation: HandshakeAllThreads
Event: 34.515 Executing VM operation: HandshakeAllThreads done
Event: 35.326 Executing VM operation: ICBufferFull
Event: 35.326 Executing VM operation: ICBufferFull done

Events (20 events):
Event: 32.139 Thread 0x000002df4f756d90 Thread added: 0x000002df4f756d90
Event: 32.197 Thread 0x000002df4f758a70 Thread added: 0x000002df4f758a70
Event: 32.264 Thread 0x000002df4f75ac20 Thread added: 0x000002df4f75ac20
Event: 32.311 Thread 0x000002df4f75e110 Thread added: 0x000002df4f75e110
Event: 32.366 Thread 0x000002df4f75cdd0 Thread added: 0x000002df4f75cdd0
Event: 32.398 Thread 0x000002df4f758f40 Thread added: 0x000002df4f758f40
Event: 32.413 Thread 0x000002df4f75c430 Thread added: 0x000002df4f75c430
Event: 32.444 Thread 0x000002df4f757260 Thread added: 0x000002df4f757260
Event: 32.510 Thread 0x000002df4f7598e0 Thread added: 0x000002df4f7598e0
Event: 32.539 Thread 0x000002df4f75a750 Thread added: 0x000002df4f75a750
Event: 32.561 Thread 0x000002df4f75c900 Thread added: 0x000002df4f75c900
Event: 32.626 Thread 0x000002df4f75d2a0 Thread added: 0x000002df4f75d2a0
Event: 32.658 Thread 0x000002df4f75d770 Thread added: 0x000002df4f75d770
Event: 32.702 Thread 0x000002df4f75e5e0 Thread added: 0x000002df4f75e5e0
Event: 32.730 Thread 0x000002df4ec30fe0 Thread added: 0x000002df4ec30fe0
Event: 32.753 Thread 0x000002df4ec30640 Thread added: 0x000002df4ec30640
Event: 32.779 Thread 0x000002df4ec30b10 Thread added: 0x000002df4ec30b10
Event: 32.813 Thread 0x000002df4ec31e50 Thread added: 0x000002df4ec31e50
Event: 32.842 Thread 0x000002df4ec349a0 Thread added: 0x000002df4ec349a0
Event: 33.888 Thread 0x000002df4e6dcd80 Thread exited: 0x000002df4e6dcd80


Dynamic libraries:
0x00007ff6a4140000 - 0x00007ff6a4150000 	C:\Program Files\Java\jdk-17.0.2\bin\java.exe
0x00007fff336c0000 - 0x00007fff338b0000 	C:\WINDOWS\SYSTEM32\ntdll.dll
0x00007fff33320000 - 0x00007fff333d2000 	C:\WINDOWS\System32\KERNEL32.DLL
0x00007fff31130000 - 0x00007fff313d5000 	C:\WINDOWS\System32\KERNELBASE.dll
0x00007fff31030000 - 0x00007fff3112a000 	C:\WINDOWS\System32\ucrtbase.dll
0x00007fff21f30000 - 0x00007fff21f4a000 	C:\Program Files\Java\jdk-17.0.2\bin\VCRUNTIME140.dll
0x00007fff1f410000 - 0x00007fff1f428000 	C:\Program Files\Java\jdk-17.0.2\bin\jli.dll
0x00007fff31d40000 - 0x00007fff31de3000 	C:\WINDOWS\System32\ADVAPI32.dll
0x00007fff33240000 - 0x00007fff332de000 	C:\WINDOWS\System32\msvcrt.dll
0x00007fff31a00000 - 0x00007fff31a97000 	C:\WINDOWS\System32\sechost.dll
0x00007fff325b0000 - 0x00007fff326d0000 	C:\WINDOWS\System32\RPCRT4.dll
0x00007fff328e0000 - 0x00007fff32a74000 	C:\WINDOWS\System32\USER32.dll
0x00007fff30eb0000 - 0x00007fff30ed1000 	C:\WINDOWS\System32\win32u.dll
0x00007fff332e0000 - 0x00007fff33306000 	C:\WINDOWS\System32\GDI32.dll
0x00007fff31530000 - 0x00007fff316c6000 	C:\WINDOWS\System32\gdi32full.dll
0x00007fff316d0000 - 0x00007fff3176e000 	C:\WINDOWS\System32\msvcp_win.dll
0x00007fff296e0000 - 0x00007fff296ea000 	C:\WINDOWS\SYSTEM32\VERSION.dll
0x00007fff204a0000 - 0x00007fff20724000 	C:\WINDOWS\WinSxS\amd64_microsoft.windows.common-controls_6595b64144ccf1df_6.0.18362.1256_none_9e7e379be45e40e2\COMCTL32.dll
0x00007fff32260000 - 0x00007fff32596000 	C:\WINDOWS\System32\combase.dll
0x00007fff30690000 - 0x00007fff30711000 	C:\WINDOWS\System32\bcryptPrimitives.dll
0x00007fff33510000 - 0x00007fff3353e000 	C:\WINDOWS\System32\IMM32.DLL
0x00007fff23280000 - 0x00007fff2328c000 	C:\Program Files\Java\jdk-17.0.2\bin\vcruntime140_1.dll
0x00007fff010a0000 - 0x00007fff0112d000 	C:\Program Files\Java\jdk-17.0.2\bin\msvcp140.dll
0x00007ffeccac0000 - 0x00007ffecd681000 	C:\Program Files\Java\jdk-17.0.2\bin\server\jvm.dll
0x00007fff31bc0000 - 0x00007fff31bc8000 	C:\WINDOWS\System32\PSAPI.DLL
0x00007fff20e80000 - 0x00007fff20e89000 	C:\WINDOWS\SYSTEM32\WSOCK32.dll
0x00007fff31c50000 - 0x00007fff31cbf000 	C:\WINDOWS\System32\WS2_32.dll
0x00007fff290e0000 - 0x00007fff29104000 	C:\WINDOWS\SYSTEM32\WINMM.dll
0x00007fff290b0000 - 0x00007fff290dd000 	C:\WINDOWS\SYSTEM32\WINMMBASE.dll
0x00007fff31490000 - 0x00007fff314da000 	C:\WINDOWS\System32\cfgmgr32.dll
0x00007fff30570000 - 0x00007fff30581000 	C:\WINDOWS\System32\kernel.appcore.dll
0x00007fff21e60000 - 0x00007fff21e6a000 	C:\Program Files\Java\jdk-17.0.2\bin\jimage.dll
0x00007fff2ee60000 - 0x00007fff2f054000 	C:\WINDOWS\SYSTEM32\DBGHELP.DLL
0x00007fff1d6d0000 - 0x00007fff1d6fa000 	C:\WINDOWS\SYSTEM32\dbgcore.DLL
0x00007fff0bac0000 - 0x00007fff0bae5000 	C:\Program Files\Java\jdk-17.0.2\bin\java.dll
0x00007fff00db0000 - 0x00007fff00e86000 	C:\Program Files\Java\jdk-17.0.2\bin\jsvml.dll
0x00007fff32a80000 - 0x00007fff33167000 	C:\WINDOWS\System32\SHELL32.dll
0x00007fff333e0000 - 0x00007fff33489000 	C:\WINDOWS\System32\shcore.dll
0x00007fff30720000 - 0x00007fff30ea1000 	C:\WINDOWS\System32\windows.storage.dll
0x00007fff30600000 - 0x00007fff30623000 	C:\WINDOWS\System32\profapi.dll
0x00007fff30590000 - 0x00007fff305da000 	C:\WINDOWS\System32\powrprof.dll
0x00007fff30560000 - 0x00007fff30570000 	C:\WINDOWS\System32\UMPDC.dll
0x00007fff31770000 - 0x00007fff317c2000 	C:\WINDOWS\System32\shlwapi.dll
0x00007fff31510000 - 0x00007fff31527000 	C:\WINDOWS\System32\cryptsp.dll
0x00007fff04fc0000 - 0x00007fff04fd9000 	C:\Program Files\Java\jdk-17.0.2\bin\net.dll
0x00007fff24030000 - 0x00007fff24120000 	C:\WINDOWS\SYSTEM32\WINHTTP.dll
0x00007fff2fdb0000 - 0x00007fff2fe17000 	C:\WINDOWS\system32\mswsock.dll
0x00007fff03460000 - 0x00007fff03476000 	C:\Program Files\Java\jdk-17.0.2\bin\nio.dll
0x00007fff01080000 - 0x00007fff01098000 	C:\Program Files\Java\jdk-17.0.2\bin\zip.dll
0x00007fff1f200000 - 0x00007fff1f210000 	C:\Program Files\Java\jdk-17.0.2\bin\verify.dll
0x00007fff246c0000 - 0x00007fff246e7000 	C:\Users\Admin\.gradle\native\68d5fa5c4cc2d200863cafc0d521ce42e7d3e7ee720ec0a83991735586a16f82\windows-amd64\native-platform.dll
0x00007ffeea540000 - 0x00007ffeea684000 	C:\Users\Admin\.gradle\native\e376f236ea51e6404a007f0833ffe2c6e607c4080706a723a18a27aeea778392\windows-amd64\native-platform-file-events.dll
0x00007fff2c810000 - 0x00007fff2c819000 	C:\Program Files\Java\jdk-17.0.2\bin\management.dll
0x00007fff2c800000 - 0x00007fff2c80b000 	C:\Program Files\Java\jdk-17.0.2\bin\management_ext.dll
0x00007fff2f920000 - 0x00007fff2f953000 	C:\WINDOWS\system32\rsaenh.dll
0x00007fff314e0000 - 0x00007fff31506000 	C:\WINDOWS\System32\bcrypt.dll
0x00007fff30480000 - 0x00007fff304a5000 	C:\WINDOWS\SYSTEM32\USERENV.dll
0x00007fff2ff80000 - 0x00007fff2ff8c000 	C:\WINDOWS\SYSTEM32\CRYPTBASE.dll
0x00007fff2fac0000 - 0x00007fff2fafa000 	C:\WINDOWS\SYSTEM32\IPHLPAPI.DLL
0x00007fff33310000 - 0x00007fff33318000 	C:\WINDOWS\System32\NSI.dll
0x00007fff292a0000 - 0x00007fff292b6000 	C:\WINDOWS\SYSTEM32\dhcpcsvc6.DLL
0x00007fff29410000 - 0x00007fff2942c000 	C:\WINDOWS\SYSTEM32\dhcpcsvc.DLL
0x00007fff2fb00000 - 0x00007fff2fbcb000 	C:\WINDOWS\SYSTEM32\DNSAPI.dll
0x00007fff2a670000 - 0x00007fff2a67e000 	C:\Program Files\Java\jdk-17.0.2\bin\sunmscapi.dll
0x00007fff30ee0000 - 0x00007fff31029000 	C:\WINDOWS\System32\CRYPT32.dll
0x00007fff305e0000 - 0x00007fff305f2000 	C:\WINDOWS\System32\MSASN1.dll
0x00007fff30080000 - 0x00007fff300a6000 	C:\WINDOWS\SYSTEM32\ncrypt.dll
0x00007fff30040000 - 0x00007fff3007b000 	C:\WINDOWS\SYSTEM32\NTASN1.dll
0x00007fff24690000 - 0x00007fff24697000 	C:\WINDOWS\system32\wshunix.dll

dbghelp: loaded successfully - version: 4.0.5 - missing functions: none
symbol engine: initialized successfully - sym options: 0x614 - pdb path: .;C:\Program Files\Java\jdk-17.0.2\bin;C:\WINDOWS\SYSTEM32;C:\WINDOWS\WinSxS\amd64_microsoft.windows.common-controls_6595b64144ccf1df_6.0.18362.1256_none_9e7e379be45e40e2;C:\Program Files\Java\jdk-17.0.2\bin\server;C:\Users\Admin\.gradle\native\68d5fa5c4cc2d200863cafc0d521ce42e7d3e7ee720ec0a83991735586a16f82\windows-amd64;C:\Users\Admin\.gradle\native\e376f236ea51e6404a007f0833ffe2c6e607c4080706a723a18a27aeea778392\windows-amd64

VM Arguments:
jvm_args: --add-opens=java.base/java.util=ALL-UNNAMED --add-opens=java.base/java.lang=ALL-UNNAMED --add-opens=java.base/java.lang.invoke=ALL-UNNAMED --add-opens=java.prefs/java.util.prefs=ALL-UNNAMED --add-opens=java.base/java.nio.charset=ALL-UNNAMED --add-opens=java.base/java.net=ALL-UNNAMED --add-opens=java.base/java.util.concurrent.atomic=ALL-UNNAMED -XX:MaxMetaspaceSize=256m -XX:+HeapDumpOnOutOfMemoryError -Xms256m -Xmx512m -Dfile.encoding=windows-1252 -Duser.country=US -Duser.language=en -Duser.variant 
java_command: org.gradle.launcher.daemon.bootstrap.GradleDaemon 7.6
java_class_path (initial): C:\Users\Admin\.gradle\wrapper\dists\gradle-7.6-bin\9l9tetv7ltxvx3i8an4pb86ye\gradle-7.6\lib\gradle-launcher-7.6.jar
Launcher Type: SUN_STANDARD

[Global flags]
     intx CICompilerCount                          = 3                                         {product} {ergonomic}
   size_t CompressedClassSpaceSize                 = 218103808                                 {product} {ergonomic}
     uint ConcGCThreads                            = 1                                         {product} {ergonomic}
     uint G1ConcRefinementThreads                  = 4                                         {product} {ergonomic}
   size_t G1HeapRegionSize                         = 1048576                                   {product} {ergonomic}
    uintx GCDrainStackTargetSize                   = 64                                        {product} {ergonomic}
     bool HeapDumpOnOutOfMemoryError               = true                                   {manageable} {command line}
   size_t InitialHeapSize                          = 268435456                                 {product} {command line}
   size_t MarkStackSize                            = 4194304                                   {product} {ergonomic}
   size_t MaxHeapSize                              = 536870912                                 {product} {command line}
   size_t MaxMetaspaceSize                         = 268435456                                 {product} {command line}
   size_t MaxNewSize                               = 321912832                                 {product} {ergonomic}
   size_t MinHeapDeltaBytes                        = 1048576                                   {product} {ergonomic}
   size_t MinHeapSize                              = 268435456                                 {product} {command line}
    uintx NonNMethodCodeHeapSize                   = 5832780                                {pd product} {ergonomic}
    uintx NonProfiledCodeHeapSize                  = 122912730                              {pd product} {ergonomic}
    uintx ProfiledCodeHeapSize                     = 122912730                              {pd product} {ergonomic}
    uintx ReservedCodeCacheSize                    = 251658240                              {pd product} {ergonomic}
     bool SegmentedCodeCache                       = true                                      {product} {ergonomic}
   size_t SoftMaxHeapSize                          = 536870912                              {manageable} {ergonomic}
     bool UseCompressedClassPointers               = true                           {product lp64_product} {ergonomic}
     bool UseCompressedOops                        = true                           {product lp64_product} {ergonomic}
     bool UseG1GC                                  = true                                      {product} {ergonomic}
     bool UseLargePagesIndividualAllocation        = false                                  {pd product} {ergonomic}

Logging:
Log output configuration:
 #0: stdout all=warning uptime,level,tags
 #1: stderr all=off uptime,level,tags

Environment Variables:
JAVA_HOME=C:\Program Files\Java\jdk-17.0.2
PATH=C:\Program Files\Common Files\Oracle\Java\javapath;C:\Program Files\Java\jdk-17.0.2\bin;C:\ProgramData\Oracle\Java\javapath;C:\WINDOWS\system32;C:\WINDOWS;C:\WINDOWS\System32\Wbem;C:\WINDOWS\System32\WindowsPowerShell\v1.0\;C:\WINDOWS\System32\OpenSSH\;C:\Program Files\Java\jdk-17.0.1\bin;C:\Program Files\Microsoft SQL Server\Client SDK\ODBC\170\Tools\Binn\;C:\Program Files (x86)\Microsoft SQL Server\150\Tools\Binn\;C:\Program Files\Microsoft SQL Server\150\Tools\Binn\;C:\Program Files\Microsoft SQL Server\150\DTS\Binn\;C:\Program Files (x86)\Microsoft SQL Server\150\DTS\Binn\;C:\Program Files\Azure Data Studio\bin;C:\Program Files\Git\cmd;C:\Program Files\nodejs\;C:\Program Files\MySQL\MySQL Shell 8.0\bin\;C:\Users\Admin\AppData\Local\Microsoft\WindowsApps;C:\Program Files\Azure Data Studio\bin;C:\Users\Admin\AppData\Local\Programs\Microsoft VS Code\bin;D:\SQL2019\SPRING_BOOT\IntelliJ IDEA Community Edition 2022.1.3\bin;D:\SQL2019\Flutter\flutter\bin;D:\SQL2019\Flutter\flutter;C:\Users\Admin\Documents\flutter\bin;C:\Users\Admin\Documents\flutter;;D:\SQL2019\phpstorm\PhpStorm 2022.1.3\bin;;D:\SQL2019\SPRING_BOOT\IntelliJ IDEA 2022.1.3\bin;;C:\Program Files\Azure Data Studio\bin;C:\Program Files\Azure Data Studio\bin;C:\Program Files\Azure Data Studio\bin;C:\Program Files\Azure Data Studio\bin;C:\Program Files\Azure Data Studio\bin;D:\SQL2019\Flutter\flutter;C:\Users\Admin\AppData\Roaming\npm
USERNAME=Hanhlt107
OS=Windows_NT
PROCESSOR_IDENTIFIER=Intel64 Family 6 Model 61 Stepping 4, GenuineIntel



---------------  S Y S T E M  ---------------

OS:
 Windows 10 , 64 bit Build 18362 (10.0.18362.1110)
OS uptime: 1 days 15:31 hours

CPU: total 4 (initial active 4) (2 cores per cpu, 2 threads per core) family 6 model 61 stepping 4 microcode 0x2b, cx8, cmov, fxsr, ht, mmx, 3dnowpref, sse, sse2, sse3, ssse3, sse4.1, sse4.2, popcnt, lzcnt, tsc, tscinvbit, avx, avx2, aes, erms, clmul, bmi1, bmi2, adx, fma, vzeroupper, clflush

Memory: 4k page, system-wide physical 3995M (268M free)
TotalPageFile size 9192M (AvailPageFile size 4M)
current process WorkingSet (physical memory assigned to process): 356M, peak: 356M
current process commit charge ("private bytes"): 465M, peak: 474M

vm_info: Java HotSpot(TM) 64-Bit Server VM (17.0.2+8-LTS-86) for windows-amd64 JRE (17.0.2+8-LTS-86), built on Dec  7 2021 21:51:03 by "mach5one" with MS VC++ 16.8 / 16.9 (VS2019)

END.
