#
# There is insufficient memory for the Java Runtime Environment to continue.
# Native memory allocation (malloc) failed to allocate 931216 bytes for Chunk::new
# Possible reasons:
#   The system is out of physical RAM or swap space
#   The process is running with CompressedOops enabled, and the Java Heap may be blocking the growth of the native heap
# Possible solutions:
#   Reduce memory load on the system
#   Increase physical memory or swap space
#   Check if swap backing store is full
#   Decrease Java heap size (-Xmx/-Xms)
#   Decrease number of Java threads
#   Decrease Java thread stack sizes (-Xss)
#   Set larger code cache with -XX:ReservedCodeCacheSize=
#   JVM is running with Unscaled Compressed Oops mode in which the Java heap is
#     placed in the first 4GB address space. The Java Heap base address is the
#     maximum limit for the native heap growth. Please use -XX:HeapBaseMinAddress
#     to set the Java Heap base and to place the Java Heap above 4GB virtual address.
# This output file may be truncated or incomplete.
#
#  Out of Memory Error (arena.cpp:189), pid=10456, tid=4384
#
# JRE version: Java(TM) SE Runtime Environment (17.0.2+8) (build 17.0.2+8-LTS-86)
# Java VM: Java HotSpot(TM) 64-Bit Server VM (17.0.2+8-LTS-86, mixed mode, sharing, tiered, compressed oops, compressed class ptrs, g1 gc, windows-amd64)
# No core dump will be written. Minidumps are not enabled by default on client versions of Windows
#

---------------  S U M M A R Y ------------

Command Line: -Dfile.encoding=windows-1252 -Duser.country=US -Duser.language=en -Duser.variant com.portalprojectstool.DBGenerator

Host: Intel(R) Core(TM) i3-5005U CPU @ 2.00GHz, 4 cores, 3G,  Windows 10 , 64 bit Build 18362 (10.0.18362.1110)
Time: Sun Apr  2 14:30:33 2023 SE Asia Standard Time elapsed time: 4.164778 seconds (0d 0h 0m 4s)

---------------  T H R E A D  ---------------

Current thread (0x00000165ea4582e0):  JavaThread "C2 CompilerThread0" daemon [_thread_in_native, id=4384, stack(0x0000005477f00000,0x0000005478000000)]


Current CompileTask:
C2:   4164 1470       4       jdk.internal.loader.URLClassPath::getResource (74 bytes)

Stack: [0x0000005477f00000,0x0000005478000000]
Native frames: (J=compiled Java code, j=interpreted, Vv=VM code, C=native code)
V  [jvm.dll+0x670baa]
V  [jvm.dll+0x7cfcb4]
V  [jvm.dll+0x7d145e]
V  [jvm.dll+0x7d1ac3]
V  [jvm.dll+0x242bc5]
V  [jvm.dll+0xaa57b]
V  [jvm.dll+0xaab0c]
V  [jvm.dll+0x35fcb2]
V  [jvm.dll+0x32a331]
V  [jvm.dll+0x3297da]
V  [jvm.dll+0x215c91]
V  [jvm.dll+0x2150b1]
V  [jvm.dll+0x1a1bbd]
V  [jvm.dll+0x224908]
V  [jvm.dll+0x222a6c]
V  [jvm.dll+0x7859bb]
V  [jvm.dll+0x77ff7a]
V  [jvm.dll+0x66fa35]
C  [ucrtbase.dll+0x210b2]
C  [KERNEL32.DLL+0x17c24]
C  [ntdll.dll+0x6d4d1]


---------------  P R O C E S S  ---------------

Threads class SMR info:
_java_thread_list=0x00000165eba219c0, length=15, elements={
0x00000165cd358070, 0x00000165cd40c830, 0x00000165cd40e2c0, 0x00000165ea44afd0,
0x00000165ea44b790, 0x00000165ea453e80, 0x00000165ea454440, 0x00000165ea4582e0,
0x00000165ea462990, 0x00000165ea46deb0, 0x00000165eb06e690, 0x00000165eb079c00,
0x00000165eb978f10, 0x00000165eb91d850, 0x00000165eba0f830
}

Java Threads: ( => current thread )
  0x00000165cd358070 JavaThread "main" [_thread_blocked, id=10536, stack(0x0000005477200000,0x0000005477300000)]
  0x00000165cd40c830 JavaThread "Reference Handler" daemon [_thread_blocked, id=10844, stack(0x0000005477900000,0x0000005477a00000)]
  0x00000165cd40e2c0 JavaThread "Finalizer" daemon [_thread_blocked, id=4768, stack(0x0000005477a00000,0x0000005477b00000)]
  0x00000165ea44afd0 JavaThread "Signal Dispatcher" daemon [_thread_blocked, id=6656, stack(0x0000005477b00000,0x0000005477c00000)]
  0x00000165ea44b790 JavaThread "Attach Listener" daemon [_thread_blocked, id=9096, stack(0x0000005477c00000,0x0000005477d00000)]
  0x00000165ea453e80 JavaThread "Service Thread" daemon [_thread_blocked, id=8388, stack(0x0000005477d00000,0x0000005477e00000)]
  0x00000165ea454440 JavaThread "Monitor Deflation Thread" daemon [_thread_blocked, id=12760, stack(0x0000005477e00000,0x0000005477f00000)]
=>0x00000165ea4582e0 JavaThread "C2 CompilerThread0" daemon [_thread_in_native, id=4384, stack(0x0000005477f00000,0x0000005478000000)]
  0x00000165ea462990 JavaThread "C1 CompilerThread0" daemon [_thread_blocked, id=11716, stack(0x0000005478000000,0x0000005478100000)]
  0x00000165ea46deb0 JavaThread "Sweeper thread" daemon [_thread_blocked, id=3696, stack(0x0000005478100000,0x0000005478200000)]
  0x00000165eb06e690 JavaThread "Notification Thread" daemon [_thread_blocked, id=1336, stack(0x0000005478200000,0x0000005478300000)]
  0x00000165eb079c00 JavaThread "Common-Cleaner" daemon [_thread_blocked, id=13928, stack(0x0000005478400000,0x0000005478500000)]
  0x00000165eb978f10 JavaThread "Thread-0" [_thread_blocked, id=13196, stack(0x0000005478800000,0x0000005478900000)]
  0x00000165eb91d850 JavaThread "restartedMain" [_thread_in_vm, id=10952, stack(0x0000005478900000,0x0000005478a00000)]
  0x00000165eba0f830 JavaThread "background-preinit" [_thread_in_vm, id=3288, stack(0x0000005478a00000,0x0000005478b00000)]

Other Threads:
  0x00000165cd401c10 VMThread "VM Thread" [stack: 0x0000005477800000,0x0000005477900000] [id=12620]
  0x00000165eb071f80 WatcherThread [stack: 0x0000005478300000,0x0000005478400000] [id=7284]
  0x00000165cd384f30 GCTaskThread "GC Thread#0" [stack: 0x0000005477300000,0x0000005477400000] [id=9792]
  0x00000165eb93a410 GCTaskThread "GC Thread#1" [stack: 0x0000005478500000,0x0000005478600000] [id=7004]
  0x00000165eb7c5500 GCTaskThread "GC Thread#2" [stack: 0x0000005478600000,0x0000005478700000] [id=9332]
  0x00000165eb91e220 GCTaskThread "GC Thread#3" [stack: 0x0000005478700000,0x0000005478800000] [id=9136]
  0x00000165cd38eb80 ConcurrentGCThread "G1 Main Marker" [stack: 0x0000005477400000,0x0000005477500000] [id=11940]
  0x00000165cd38fd30 ConcurrentGCThread "G1 Conc#0" [stack: 0x0000005477500000,0x0000005477600000] [id=8]
  0x00000165cd3dfd20 ConcurrentGCThread "G1 Refine#0" [stack: 0x0000005477600000,0x0000005477700000] [id=11596]
  0x00000165cd3e0350 ConcurrentGCThread "G1 Service" [stack: 0x0000005477700000,0x0000005477800000] [id=14280]

Threads with active compile tasks:
C2 CompilerThread0     4235 1470       4       jdk.internal.loader.URLClassPath::getResource (74 bytes)

VM state: not at safepoint (normal execution)

VM Mutex/Monitor currently owned by a thread:  ([mutex/lock_event])
[0x00000165cd356640] Metaspace_lock - owner thread: 0x00000165eb91d850

Heap address: 0x00000000c1800000, size: 1000 MB, Compressed Oops mode: 32-bit

CDS archive(s) mapped at: [0x0000000800000000-0x0000000800bc0000-0x0000000800bc0000), size 12320768, SharedBaseAddress: 0x0000000800000000, ArchiveRelocationMode: 0.
Compressed class space mapped at: 0x0000000800c00000-0x0000000840c00000, reserved size: 1073741824
Narrow klass base: 0x0000000800000000, Narrow klass shift: 0, Narrow klass range: 0x100000000

GC Precious Log:
 CPUs: 4 total, 4 available
 Memory: 3995M
 Large Page Support: Disabled
 NUMA Support: Disabled
 Compressed Oops: Enabled (32-bit)
 Heap Region Size: 1M
 Heap Min Capacity: 8M
 Heap Initial Capacity: 64M
 Heap Max Capacity: 1000M
 Pre-touch: Disabled
 Parallel Workers: 4
 Concurrent Workers: 1
 Concurrent Refinement Workers: 4
 Periodic GC: Disabled

Heap:
 garbage-first heap   total 65536K, used 17353K [0x00000000c1800000, 0x0000000100000000)
  region size 1024K, 13 young (13312K), 1 survivors (1024K)
 Metaspace       used 8479K, committed 8704K, reserved 1064960K
  class space    used 1065K, committed 1216K, reserved 1048576K

Heap Regions: E=young(eden), S=young(survivor), O=old, HS=humongous(starts), HC=humongous(continues), CS=collection set, F=free, OA=open archive, CA=closed archive, TAMS=top-at-mark-start (previous, next)
|   0|0x00000000c1800000, 0x00000000c1900000, 0x00000000c1900000|100%|HS|  |TAMS 0x00000000c1800000, 0x00000000c1800000| Complete 
|   1|0x00000000c1900000, 0x00000000c1a00000, 0x00000000c1a00000|100%| O|  |TAMS 0x00000000c1900000, 0x00000000c1900000| Untracked 
|   2|0x00000000c1a00000, 0x00000000c1b00000, 0x00000000c1b00000|100%| O|  |TAMS 0x00000000c1a00000, 0x00000000c1a00000| Untracked 
|   3|0x00000000c1b00000, 0x00000000c1c00000, 0x00000000c1c00000|100%| O|  |TAMS 0x00000000c1b00000, 0x00000000c1b00000| Untracked 
|   4|0x00000000c1c00000, 0x00000000c1d00000, 0x00000000c1d00000|100%| O|  |TAMS 0x00000000c1c00000, 0x00000000c1c00000| Untracked 
|   5|0x00000000c1d00000, 0x00000000c1e00000, 0x00000000c1e00000|100%| O|  |TAMS 0x00000000c1d00000, 0x00000000c1d00000| Untracked 
|   6|0x00000000c1e00000, 0x00000000c1e34a00, 0x00000000c1f00000| 20%| O|  |TAMS 0x00000000c1e00000, 0x00000000c1e00000| Untracked 
|   7|0x00000000c1f00000, 0x00000000c1f00000, 0x00000000c2000000|  0%| F|  |TAMS 0x00000000c1f00000, 0x00000000c1f00000| Untracked 
|   8|0x00000000c2000000, 0x00000000c2000000, 0x00000000c2100000|  0%| F|  |TAMS 0x00000000c2000000, 0x00000000c2000000| Untracked 
|   9|0x00000000c2100000, 0x00000000c2100000, 0x00000000c2200000|  0%| F|  |TAMS 0x00000000c2100000, 0x00000000c2100000| Untracked 
|  10|0x00000000c2200000, 0x00000000c2200000, 0x00000000c2300000|  0%| F|  |TAMS 0x00000000c2200000, 0x00000000c2200000| Untracked 
|  11|0x00000000c2300000, 0x00000000c2300000, 0x00000000c2400000|  0%| F|  |TAMS 0x00000000c2300000, 0x00000000c2300000| Untracked 
|  12|0x00000000c2400000, 0x00000000c2400000, 0x00000000c2500000|  0%| F|  |TAMS 0x00000000c2400000, 0x00000000c2400000| Untracked 
|  13|0x00000000c2500000, 0x00000000c2500000, 0x00000000c2600000|  0%| F|  |TAMS 0x00000000c2500000, 0x00000000c2500000| Untracked 
|  14|0x00000000c2600000, 0x00000000c2600000, 0x00000000c2700000|  0%| F|  |TAMS 0x00000000c2600000, 0x00000000c2600000| Untracked 
|  15|0x00000000c2700000, 0x00000000c2700000, 0x00000000c2800000|  0%| F|  |TAMS 0x00000000c2700000, 0x00000000c2700000| Untracked 
|  16|0x00000000c2800000, 0x00000000c2800000, 0x00000000c2900000|  0%| F|  |TAMS 0x00000000c2800000, 0x00000000c2800000| Untracked 
|  17|0x00000000c2900000, 0x00000000c2900000, 0x00000000c2a00000|  0%| F|  |TAMS 0x00000000c2900000, 0x00000000c2900000| Untracked 
|  18|0x00000000c2a00000, 0x00000000c2a00000, 0x00000000c2b00000|  0%| F|  |TAMS 0x00000000c2a00000, 0x00000000c2a00000| Untracked 
|  19|0x00000000c2b00000, 0x00000000c2b00000, 0x00000000c2c00000|  0%| F|  |TAMS 0x00000000c2b00000, 0x00000000c2b00000| Untracked 
|  20|0x00000000c2c00000, 0x00000000c2c00000, 0x00000000c2d00000|  0%| F|  |TAMS 0x00000000c2c00000, 0x00000000c2c00000| Untracked 
|  21|0x00000000c2d00000, 0x00000000c2d00000, 0x00000000c2e00000|  0%| F|  |TAMS 0x00000000c2d00000, 0x00000000c2d00000| Untracked 
|  22|0x00000000c2e00000, 0x00000000c2e00000, 0x00000000c2f00000|  0%| F|  |TAMS 0x00000000c2e00000, 0x00000000c2e00000| Untracked 
|  23|0x00000000c2f00000, 0x00000000c2f00000, 0x00000000c3000000|  0%| F|  |TAMS 0x00000000c2f00000, 0x00000000c2f00000| Untracked 
|  24|0x00000000c3000000, 0x00000000c3000000, 0x00000000c3100000|  0%| F|  |TAMS 0x00000000c3000000, 0x00000000c3000000| Untracked 
|  25|0x00000000c3100000, 0x00000000c3100000, 0x00000000c3200000|  0%| F|  |TAMS 0x00000000c3100000, 0x00000000c3100000| Untracked 
|  26|0x00000000c3200000, 0x00000000c3200000, 0x00000000c3300000|  0%| F|  |TAMS 0x00000000c3200000, 0x00000000c3200000| Untracked 
|  27|0x00000000c3300000, 0x00000000c3300000, 0x00000000c3400000|  0%| F|  |TAMS 0x00000000c3300000, 0x00000000c3300000| Untracked 
|  28|0x00000000c3400000, 0x00000000c3400000, 0x00000000c3500000|  0%| F|  |TAMS 0x00000000c3400000, 0x00000000c3400000| Untracked 
|  29|0x00000000c3500000, 0x00000000c3500000, 0x00000000c3600000|  0%| F|  |TAMS 0x00000000c3500000, 0x00000000c3500000| Untracked 
|  30|0x00000000c3600000, 0x00000000c3600000, 0x00000000c3700000|  0%| F|  |TAMS 0x00000000c3600000, 0x00000000c3600000| Untracked 
|  31|0x00000000c3700000, 0x00000000c3700000, 0x00000000c3800000|  0%| F|  |TAMS 0x00000000c3700000, 0x00000000c3700000| Untracked 
|  32|0x00000000c3800000, 0x00000000c3800000, 0x00000000c3900000|  0%| F|  |TAMS 0x00000000c3800000, 0x00000000c3800000| Untracked 
|  33|0x00000000c3900000, 0x00000000c3900000, 0x00000000c3a00000|  0%| F|  |TAMS 0x00000000c3900000, 0x00000000c3900000| Untracked 
|  34|0x00000000c3a00000, 0x00000000c3a00000, 0x00000000c3b00000|  0%| F|  |TAMS 0x00000000c3a00000, 0x00000000c3a00000| Untracked 
|  35|0x00000000c3b00000, 0x00000000c3b00000, 0x00000000c3c00000|  0%| F|  |TAMS 0x00000000c3b00000, 0x00000000c3b00000| Untracked 
|  36|0x00000000c3c00000, 0x00000000c3c00000, 0x00000000c3d00000|  0%| F|  |TAMS 0x00000000c3c00000, 0x00000000c3c00000| Untracked 
|  37|0x00000000c3d00000, 0x00000000c3d00000, 0x00000000c3e00000|  0%| F|  |TAMS 0x00000000c3d00000, 0x00000000c3d00000| Untracked 
|  38|0x00000000c3e00000, 0x00000000c3e00000, 0x00000000c3f00000|  0%| F|  |TAMS 0x00000000c3e00000, 0x00000000c3e00000| Untracked 
|  39|0x00000000c3f00000, 0x00000000c3f00000, 0x00000000c4000000|  0%| F|  |TAMS 0x00000000c3f00000, 0x00000000c3f00000| Untracked 
|  40|0x00000000c4000000, 0x00000000c4000000, 0x00000000c4100000|  0%| F|  |TAMS 0x00000000c4000000, 0x00000000c4000000| Untracked 
|  41|0x00000000c4100000, 0x00000000c4100000, 0x00000000c4200000|  0%| F|  |TAMS 0x00000000c4100000, 0x00000000c4100000| Untracked 
|  42|0x00000000c4200000, 0x00000000c4200000, 0x00000000c4300000|  0%| F|  |TAMS 0x00000000c4200000, 0x00000000c4200000| Untracked 
|  43|0x00000000c4300000, 0x00000000c4300000, 0x00000000c4400000|  0%| F|  |TAMS 0x00000000c4300000, 0x00000000c4300000| Untracked 
|  44|0x00000000c4400000, 0x00000000c4400000, 0x00000000c4500000|  0%| F|  |TAMS 0x00000000c4400000, 0x00000000c4400000| Untracked 
|  45|0x00000000c4500000, 0x00000000c4500000, 0x00000000c4600000|  0%| F|  |TAMS 0x00000000c4500000, 0x00000000c4500000| Untracked 
|  46|0x00000000c4600000, 0x00000000c4600000, 0x00000000c4700000|  0%| F|  |TAMS 0x00000000c4600000, 0x00000000c4600000| Untracked 
|  47|0x00000000c4700000, 0x00000000c4700000, 0x00000000c4800000|  0%| F|  |TAMS 0x00000000c4700000, 0x00000000c4700000| Untracked 
|  48|0x00000000c4800000, 0x00000000c4800000, 0x00000000c4900000|  0%| F|  |TAMS 0x00000000c4800000, 0x00000000c4800000| Untracked 
|  49|0x00000000c4900000, 0x00000000c4900000, 0x00000000c4a00000|  0%| F|  |TAMS 0x00000000c4900000, 0x00000000c4900000| Untracked 
|  50|0x00000000c4a00000, 0x00000000c4a00000, 0x00000000c4b00000|  0%| F|  |TAMS 0x00000000c4a00000, 0x00000000c4a00000| Untracked 
|  51|0x00000000c4b00000, 0x00000000c4c00000, 0x00000000c4c00000|100%| E|  |TAMS 0x00000000c4b00000, 0x00000000c4b00000| Complete 
|  52|0x00000000c4c00000, 0x00000000c4cbdb40, 0x00000000c4d00000| 74%| S|CS|TAMS 0x00000000c4c00000, 0x00000000c4c00000| Complete 
|  53|0x00000000c4d00000, 0x00000000c4e00000, 0x00000000c4e00000|100%| E|  |TAMS 0x00000000c4d00000, 0x00000000c4d00000| Complete 
|  54|0x00000000c4e00000, 0x00000000c4f00000, 0x00000000c4f00000|100%| E|CS|TAMS 0x00000000c4e00000, 0x00000000c4e00000| Complete 
|  55|0x00000000c4f00000, 0x00000000c5000000, 0x00000000c5000000|100%| E|CS|TAMS 0x00000000c4f00000, 0x00000000c4f00000| Complete 
|  56|0x00000000c5000000, 0x00000000c5100000, 0x00000000c5100000|100%| E|CS|TAMS 0x00000000c5000000, 0x00000000c5000000| Complete 
|  57|0x00000000c5100000, 0x00000000c5200000, 0x00000000c5200000|100%| E|CS|TAMS 0x00000000c5100000, 0x00000000c5100000| Complete 
|  58|0x00000000c5200000, 0x00000000c5300000, 0x00000000c5300000|100%| E|CS|TAMS 0x00000000c5200000, 0x00000000c5200000| Complete 
|  59|0x00000000c5300000, 0x00000000c5400000, 0x00000000c5400000|100%| E|CS|TAMS 0x00000000c5300000, 0x00000000c5300000| Complete 
|  60|0x00000000c5400000, 0x00000000c5500000, 0x00000000c5500000|100%| E|CS|TAMS 0x00000000c5400000, 0x00000000c5400000| Complete 
|  61|0x00000000c5500000, 0x00000000c5600000, 0x00000000c5600000|100%| E|CS|TAMS 0x00000000c5500000, 0x00000000c5500000| Complete 
|  62|0x00000000c5600000, 0x00000000c5700000, 0x00000000c5700000|100%| E|CS|TAMS 0x00000000c5600000, 0x00000000c5600000| Complete 
|  63|0x00000000c5700000, 0x00000000c5800000, 0x00000000c5800000|100%| E|CS|TAMS 0x00000000c5700000, 0x00000000c5700000| Complete 

Card table byte_map: [0x00000165e5b70000,0x00000165e5d70000] _byte_map_base: 0x00000165e5564000

Marking Bits (Prev, Next): (CMBitMap*) 0x00000165cd386550, (CMBitMap*) 0x00000165cd386590
 Prev Bits: [0x00000165e5f70000, 0x00000165e6f10000)
 Next Bits: [0x00000165e6f10000, 0x00000165e7eb0000)

Polling page: 0x00000165cd1f0000

Metaspace:

Usage:
  Non-class:      7.24 MB used.
      Class:      1.04 MB used.
       Both:      8.28 MB used.

Virtual space:
  Non-class space:       16.00 MB reserved,       7.31 MB ( 46%) committed,  2 nodes.
      Class space:        1.00 GB reserved,       1.19 MB ( <1%) committed,  1 nodes.
             Both:        1.02 GB reserved,       8.50 MB ( <1%) committed. 

Chunk freelists:
   Non-Class:  3.73 MB
       Class:  2.73 MB
        Both:  6.47 MB

MaxMetaspaceSize: unlimited
CompressedClassSpaceSize: 1.00 GB
Initial GC threshold: 21.00 MB
Current GC threshold: 21.00 MB
CDS: on
MetaspaceReclaimPolicy: balanced
 - commit_granule_bytes: 65536.
 - commit_granule_words: 8192.
 - virtual_space_node_default_size: 1048576.
 - enlarge_chunks_in_place: 1.
 - new_chunks_are_fully_committed: 0.
 - uncommit_free_chunks: 1.
 - use_allocation_guard: 0.
 - handle_deallocations: 1.


Internal statistics:

num_allocs_failed_limit: 0.
num_arena_births: 152.
num_arena_deaths: 0.
num_vsnodes_births: 3.
num_vsnodes_deaths: 0.
num_space_committed: 136.
num_space_uncommitted: 0.
num_chunks_returned_to_freelist: 0.
num_chunks_taken_from_freelist: 409.
num_chunk_merges: 0.
num_chunk_splits: 256.
num_chunks_enlarged: 189.
num_purges: 0.
num_inconsistent_stats: 0.

CodeHeap 'non-profiled nmethods': size=120000Kb used=509Kb max_used=509Kb free=119490Kb
 bounds [0x00000165dde10000, 0x00000165de080000, 0x00000165e5340000]
CodeHeap 'profiled nmethods': size=120000Kb used=2849Kb max_used=2849Kb free=117151Kb
 bounds [0x00000165d68e0000, 0x00000165d6bb0000, 0x00000165dde10000]
CodeHeap 'non-nmethods': size=5760Kb used=1154Kb max_used=1172Kb free=4605Kb
 bounds [0x00000165d6340000, 0x00000165d65b0000, 0x00000165d68e0000]
 total_blobs=1961 nmethods=1524 adapters=349
 compilation: enabled
              stopped_count=0, restarted_count=0
 full_count=0

Compilation events (20 events):
Event: 4.104 Thread 0x00000165ea462990 1501       3       java.util.concurrent.ConcurrentLinkedDeque::linkFirst (114 bytes)
Event: 4.110 Thread 0x00000165ea462990 nmethod 1501 0x00000165d6b92590 code [0x00000165d6b92aa0, 0x00000165d6b953a8]
Event: 4.110 Thread 0x00000165ea462990 1502       3       java.util.concurrent.ConcurrentLinkedDeque::newNode (18 bytes)
Event: 4.112 Thread 0x00000165ea462990 nmethod 1502 0x00000165d6b96110 code [0x00000165d6b96360, 0x00000165d6b96cd8]
Event: 4.112 Thread 0x00000165ea462990 1505       3       org.springframework.core.ResolvableType::<init> (41 bytes)
Event: 4.113 Thread 0x00000165ea462990 nmethod 1505 0x00000165d6b97010 code [0x00000165d6b97200, 0x00000165d6b977e8]
Event: 4.113 Thread 0x00000165ea462990 1506       3       org.springframework.core.ResolvableType::forClass (9 bytes)
Event: 4.113 Thread 0x00000165ea462990 nmethod 1506 0x00000165d6b97990 code [0x00000165d6b97b40, 0x00000165d6b97cc8]
Event: 4.113 Thread 0x00000165ea462990 1507       3       org.springframework.core.ResolvableType::<init> (47 bytes)
Event: 4.114 Thread 0x00000165ea462990 nmethod 1507 0x00000165d6b97d90 code [0x00000165d6b97f40, 0x00000165d6b98278]
Event: 4.114 Thread 0x00000165ea462990 1504       3       java.lang.Class::getGenericInterfaces (21 bytes)
Event: 4.115 Thread 0x00000165ea462990 nmethod 1504 0x00000165d6b98310 code [0x00000165d6b98500, 0x00000165d6b98a58]
Event: 4.130 Thread 0x00000165ea462990 1508       3       java.io.WinNTFileSystem::normalizePrefix (132 bytes)
Event: 4.135 Thread 0x00000165ea462990 nmethod 1508 0x00000165d6b98c10 code [0x00000165d6b99040, 0x00000165d6b9b0c8]
Event: 4.135 Thread 0x00000165ea462990 1509       3       java.util.LinkedHashMap$LinkedKeySet::iterator (12 bytes)
Event: 4.136 Thread 0x00000165ea462990 nmethod 1509 0x00000165d6b9bd10 code [0x00000165d6b9bec0, 0x00000165d6b9c278]
Event: 4.136 Thread 0x00000165ea462990 1510       3       java.util.LinkedHashMap$LinkedKeyIterator::<init> (11 bytes)
Event: 4.136 Thread 0x00000165ea462990 nmethod 1510 0x00000165d6b9c390 code [0x00000165d6b9c540, 0x00000165d6b9c858]
Event: 4.141 Thread 0x00000165ea462990 1511   !   3       java.util.concurrent.ConcurrentHashMap::putVal (432 bytes)
Event: 4.146 Thread 0x00000165ea462990 nmethod 1511 0x00000165d6b9c990 code [0x00000165d6b9cd00, 0x00000165d6b9e8a8]

GC Heap History (4 events):
Event: 2.046 GC heap before
{Heap before GC invocations=0 (full 0):
 garbage-first heap   total 65536K, used 14336K [0x00000000c1800000, 0x0000000100000000)
  region size 1024K, 13 young (13312K), 0 survivors (0K)
 Metaspace       used 3249K, committed 3392K, reserved 1056768K
  class space    used 351K, committed 448K, reserved 1048576K
}
Event: 2.060 GC heap after
{Heap after GC invocations=1 (full 0):
 garbage-first heap   total 65536K, used 6008K [0x00000000c1800000, 0x0000000100000000)
  region size 1024K, 2 young (2048K), 2 survivors (2048K)
 Metaspace       used 3249K, committed 3392K, reserved 1056768K
  class space    used 351K, committed 448K, reserved 1048576K
}
Event: 3.148 GC heap before
{Heap before GC invocations=1 (full 0):
 garbage-first heap   total 65536K, used 17272K [0x00000000c1800000, 0x0000000100000000)
  region size 1024K, 13 young (13312K), 2 survivors (2048K)
 Metaspace       used 5811K, committed 5952K, reserved 1056768K
  class space    used 687K, committed 768K, reserved 1048576K
}
Event: 3.153 GC heap after
{Heap after GC invocations=2 (full 0):
 garbage-first heap   total 65536K, used 7113K [0x00000000c1800000, 0x0000000100000000)
  region size 1024K, 1 young (1024K), 1 survivors (1024K)
 Metaspace       used 5811K, committed 5952K, reserved 1056768K
  class space    used 687K, committed 768K, reserved 1048576K
}

Deoptimization events (20 events):
Event: 3.831 Thread 0x00000165eb91d850 Uncommon trap: trap_request=0xffffffc6 fr.pc=0x00000165dde67708 relative=0x0000000000000448
Event: 3.831 Thread 0x00000165eb91d850 Uncommon trap: reason=bimorphic_or_optimized_type_check action=maybe_recompile pc=0x00000165dde67708 method=java.util.HashMap.getNode(Ljava/lang/Object;)Ljava/util/HashMap$Node; @ 63 c2
Event: 3.831 Thread 0x00000165eb91d850 DEOPT PACKING pc=0x00000165dde67708 sp=0x00000054789fda90
Event: 3.831 Thread 0x00000165eb91d850 DEOPT UNPACKING pc=0x00000165d63923a3 sp=0x00000054789fda08 mode 2
Event: 3.831 Thread 0x00000165eb91d850 Uncommon trap: trap_request=0xffffffc6 fr.pc=0x00000165dde67708 relative=0x0000000000000448
Event: 3.831 Thread 0x00000165eb91d850 Uncommon trap: reason=bimorphic_or_optimized_type_check action=maybe_recompile pc=0x00000165dde67708 method=java.util.HashMap.getNode(Ljava/lang/Object;)Ljava/util/HashMap$Node; @ 63 c2
Event: 3.831 Thread 0x00000165eb91d850 DEOPT PACKING pc=0x00000165dde67708 sp=0x00000054789fda90
Event: 3.831 Thread 0x00000165eb91d850 DEOPT UNPACKING pc=0x00000165d63923a3 sp=0x00000054789fda08 mode 2
Event: 3.839 Thread 0x00000165eb91d850 Uncommon trap: trap_request=0xffffffc6 fr.pc=0x00000165dde67708 relative=0x0000000000000448
Event: 3.839 Thread 0x00000165eb91d850 Uncommon trap: reason=bimorphic_or_optimized_type_check action=maybe_recompile pc=0x00000165dde67708 method=java.util.HashMap.getNode(Ljava/lang/Object;)Ljava/util/HashMap$Node; @ 63 c2
Event: 3.839 Thread 0x00000165eb91d850 DEOPT PACKING pc=0x00000165dde67708 sp=0x00000054789fda90
Event: 3.839 Thread 0x00000165eb91d850 DEOPT UNPACKING pc=0x00000165d63923a3 sp=0x00000054789fda08 mode 2
Event: 4.122 Thread 0x00000165eb91d850 Uncommon trap: trap_request=0xffffff45 fr.pc=0x00000165dde8daa8 relative=0x0000000000000c88
Event: 4.122 Thread 0x00000165eb91d850 Uncommon trap: reason=unstable_if action=reinterpret pc=0x00000165dde8daa8 method=java.util.concurrent.ConcurrentHashMap.addCount(JI)V @ 34 c2
Event: 4.122 Thread 0x00000165eb91d850 DEOPT PACKING pc=0x00000165dde8daa8 sp=0x00000054789f8490
Event: 4.122 Thread 0x00000165eb91d850 DEOPT UNPACKING pc=0x00000165d63923a3 sp=0x00000054789f8350 mode 2
Event: 4.137 Thread 0x00000165eba0f830 Uncommon trap: trap_request=0xffffff45 fr.pc=0x00000165dde7bc98 relative=0x0000000000000158
Event: 4.137 Thread 0x00000165eba0f830 Uncommon trap: reason=unstable_if action=reinterpret pc=0x00000165dde7bc98 method=java.util.concurrent.ConcurrentHashMap.addCount(JI)V @ 7 c2
Event: 4.137 Thread 0x00000165eba0f830 DEOPT PACKING pc=0x00000165dde7bc98 sp=0x0000005478afd110
Event: 4.137 Thread 0x00000165eba0f830 DEOPT UNPACKING pc=0x00000165d63923a3 sp=0x0000005478afd070 mode 2

Classes unloaded (0 events):
No events

Classes redefined (0 events):
No events

Internal exceptions (20 events):
Event: 3.344 Thread 0x00000165eb91d850 Exception <a 'java/lang/NoSuchMethodError'{0x00000000c55d4fc8}: 'java.lang.Object java.lang.invoke.DirectMethodHandle$Holder.newInvokeSpecial(java.lang.Object, java.lang.Object, java.lang.Object, java.lang.Object, java.lang.Object, java.lang.Object, int)'> (0x00000000c55d4fc8) 
thrown [t:\workspace\open\src\hotspot\share\interpreter\linkResolver.cpp, line 766]
Event: 3.347 Thread 0x00000165eb91d850 Exception <a 'java/lang/NoSuchMethodError'{0x00000000c55da008}: 'java.lang.Object java.lang.invoke.DirectMethodHandle$Holder.invokeSpecial(java.lang.Object, java.lang.Object, java.lang.Object, java.lang.Object, java.lang.Object, java.lang.Object, java.lang.Object, int)'> (0x00000000c55da008) 
thrown [t:\workspace\open\src\hotspot\share\interpreter\linkResolver.cpp, line 766]
Event: 3.469 Thread 0x00000165eb91d850 Exception <a 'java/lang/NoSuchMethodError'{0x00000000c530dcc0}: 'int java.lang.invoke.DirectMethodHandle$Holder.invokeInterface(java.lang.Object, java.lang.Object)'> (0x00000000c530dcc0) 
thrown [t:\workspace\open\src\hotspot\share\interpreter\linkResolver.cpp, line 766]
Event: 3.706 Thread 0x00000165eb91d850 Exception <a 'java/lang/NoSuchMethodError'{0x00000000c5245bb0}: 'java.lang.Object java.lang.invoke.DirectMethodHandle$Holder.invokeSpecial(java.lang.Object, java.lang.Object, java.lang.Object, int, java.lang.Object)'> (0x00000000c5245bb0) 
thrown [t:\workspace\open\src\hotspot\share\interpreter\linkResolver.cpp, line 766]
Event: 3.708 Thread 0x00000165eb91d850 Exception <a 'java/lang/NoSuchMethodError'{0x00000000c524e210}: 'java.lang.Object java.lang.invoke.DirectMethodHandle$Holder.newInvokeSpecial(java.lang.Object, java.lang.Object, java.lang.Object, int, java.lang.Object)'> (0x00000000c524e210) 
thrown [t:\workspace\open\src\hotspot\share\interpreter\linkResolver.cpp, line 766]
Event: 3.713 Thread 0x00000165eb91d850 Exception <a 'java/lang/NoSuchMethodError'{0x00000000c5255be0}: 'java.lang.Object java.lang.invoke.Invokers$Holder.linkToTargetMethod(java.lang.Object, java.lang.Object, int, java.lang.Object, java.lang.Object)'> (0x00000000c5255be0) 
thrown [t:\workspace\open\src\hotspot\share\interpreter\linkResolver.cpp, line 766]
Event: 3.716 Thread 0x00000165eb91d850 Exception <a 'java/lang/NoSuchMethodError'{0x00000000c5265348}: 'java.lang.Object java.lang.invoke.DirectMethodHandle$Holder.newInvokeSpecial(java.lang.Object, int, java.lang.Object)'> (0x00000000c5265348) 
thrown [t:\workspace\open\src\hotspot\share\interpreter\linkResolver.cpp, line 766]
Event: 3.717 Thread 0x00000165eb91d850 Exception <a 'java/lang/NoSuchMethodError'{0x00000000c526a028}: 'int java.lang.invoke.DirectMethodHandle$Holder.invokeSpecialIFC(java.lang.Object, java.lang.Object, java.lang.Object, java.lang.Object)'> (0x00000000c526a028) 
thrown [t:\workspace\open\src\hotspot\share\interpreter\linkResolver.cpp, line 766]
Event: 3.814 Thread 0x00000165eb91d850 Exception <a 'java/lang/NoSuchMethodError'{0x00000000c5130818}: 'void java.lang.invoke.DirectMethodHandle$Holder.invokeInterface(java.lang.Object, java.lang.Object, java.lang.Object)'> (0x00000000c5130818) 
thrown [t:\workspace\open\src\hotspot\share\interpreter\linkResolver.cpp, line 766]
Event: 3.863 Thread 0x00000165eb91d850 Exception <a 'java/lang/NoSuchMethodError'{0x00000000c51d3220}: 'void java.lang.invoke.DirectMethodHandle$Holder.invokeStatic(java.lang.Object, java.lang.Object)'> (0x00000000c51d3220) 
thrown [t:\workspace\open\src\hotspot\share\interpreter\linkResolver.cpp, line 766]
Event: 3.863 Thread 0x00000165eb91d850 Exception <a 'java/lang/NoSuchMethodError'{0x00000000c51d6a20}: 'void java.lang.invoke.DirectMethodHandle$Holder.invokeStaticInit(java.lang.Object, java.lang.Object)'> (0x00000000c51d6a20) 
thrown [t:\workspace\open\src\hotspot\share\interpreter\linkResolver.cpp, line 766]
Event: 3.867 Thread 0x00000165eb91d850 Exception <a 'java/lang/NoSuchMethodError'{0x00000000c51e4618}: 'void java.lang.invoke.DirectMethodHandle$Holder.invokeStaticInit(java.lang.Object, java.lang.Object, java.lang.Object)'> (0x00000000c51e4618) 
thrown [t:\workspace\open\src\hotspot\share\interpreter\linkResolver.cpp, line 766]
Event: 3.875 Thread 0x00000165eb91d850 Exception <a 'java/lang/NoSuchMethodError'{0x00000000c50238f0}: 'java.lang.Object java.lang.invoke.DirectMethodHandle$Holder.invokeStatic(java.lang.Object, java.lang.Object, long, java.lang.Object)'> (0x00000000c50238f0) 
thrown [t:\workspace\open\src\hotspot\share\interpreter\linkResolver.cpp, line 766]
Event: 3.876 Thread 0x00000165eb91d850 Exception <a 'java/lang/NoSuchMethodError'{0x00000000c5027388}: 'java.lang.Object java.lang.invoke.DirectMethodHandle$Holder.invokeStaticInit(java.lang.Object, java.lang.Object, long, java.lang.Object)'> (0x00000000c5027388) 
thrown [t:\workspace\open\src\hotspot\share\interpreter\linkResolver.cpp, line 766]
Event: 3.878 Thread 0x00000165eb91d850 Exception <a 'java/lang/NoSuchMethodError'{0x00000000c502dad0}: 'java.lang.Object java.lang.invoke.DirectMethodHandle$Holder.newInvokeSpecial(java.lang.Object, java.lang.Object, long)'> (0x00000000c502dad0) 
thrown [t:\workspace\open\src\hotspot\share\interpreter\linkResolver.cpp, line 766]
Event: 3.879 Thread 0x00000165eb91d850 Exception <a 'java/lang/NoSuchMethodError'{0x00000000c5031640}: 'java.lang.Object java.lang.invoke.Invokers$Holder.linkToTargetMethod(java.lang.Object, long, java.lang.Object)'> (0x00000000c5031640) 
thrown [t:\workspace\open\src\hotspot\share\interpreter\linkResolver.cpp, line 766]
Event: 3.906 Thread 0x00000165eb91d850 Exception <a 'java/lang/NoSuchMethodError'{0x00000000c507d198}: 'void java.lang.invoke.DirectMethodHandle$Holder.invokeVirtual(java.lang.Object, java.lang.Object, java.lang.Object, java.lang.Object)'> (0x00000000c507d198) 
thrown [t:\workspace\open\src\hotspot\share\interpreter\linkResolver.cpp, line 766]
Event: 4.007 Thread 0x00000165eb91d850 Exception <a 'java/lang/NoSuchMethodError'{0x00000000c4e17118}: 'void java.lang.invoke.DirectMethodHandle$Holder.invokeSpecial(java.lang.Object, java.lang.Object, java.lang.Object)'> (0x00000000c4e17118) 
thrown [t:\workspace\open\src\hotspot\share\interpreter\linkResolver.cpp, line 766]
Event: 4.009 Thread 0x00000165eb91d850 Exception <a 'java/lang/NoSuchMethodError'{0x00000000c4e1d660}: 'void java.lang.invoke.DirectMethodHandle$Holder.invokeSpecial(java.lang.Object, java.lang.Object, java.lang.Object, java.lang.Object, java.lang.Object)'> (0x00000000c4e1d660) 
thrown [t:\workspace\open\src\hotspot\share\interpreter\linkResolver.cpp, line 766]
Event: 4.025 Thread 0x00000165eb91d850 Exception <a 'java/lang/IncompatibleClassChangeError'{0x00000000c4e500d0}: Found class java.lang.Object, but interface was expected> (0x00000000c4e500d0) 
thrown [t:\workspace\open\src\hotspot\share\interpreter\linkResolver.cpp, line 833]

VM Operations (20 events):
Event: 1.206 Executing VM operation: HandshakeAllThreads
Event: 1.206 Executing VM operation: HandshakeAllThreads done
Event: 1.206 Executing VM operation: Cleanup
Event: 1.207 Executing VM operation: Cleanup done
Event: 1.554 Executing VM operation: HandshakeAllThreads
Event: 1.554 Executing VM operation: HandshakeAllThreads done
Event: 1.603 Executing VM operation: HandshakeAllThreads
Event: 1.603 Executing VM operation: HandshakeAllThreads done
Event: 2.046 Executing VM operation: G1CollectForAllocation
Event: 2.060 Executing VM operation: G1CollectForAllocation done
Event: 2.757 Executing VM operation: HandshakeAllThreads
Event: 2.757 Executing VM operation: HandshakeAllThreads done
Event: 3.148 Executing VM operation: G1CollectForAllocation
Event: 3.153 Executing VM operation: G1CollectForAllocation done
Event: 3.583 Executing VM operation: HandshakeAllThreads
Event: 3.583 Executing VM operation: HandshakeAllThreads done
Event: 4.003 Executing VM operation: HandshakeAllThreads
Event: 4.003 Executing VM operation: HandshakeAllThreads done
Event: 4.003 Executing VM operation: HandshakeAllThreads
Event: 4.003 Executing VM operation: HandshakeAllThreads done

Events (20 events):
Event: 3.884 loading class java/util/concurrent/SynchronousQueue$TransferStack done
Event: 3.884 loading class java/util/concurrent/SynchronousQueue$TransferStack$SNode
Event: 3.884 loading class java/util/concurrent/ForkJoinPool$ManagedBlocker
Event: 3.884 loading class java/util/concurrent/ForkJoinPool$ManagedBlocker done
Event: 3.884 loading class java/util/concurrent/SynchronousQueue$TransferStack$SNode done
Event: 3.941 loading class java/util/Stack
Event: 3.941 loading class java/util/Stack done
Event: 3.942 loading class java/util/Vector$Itr
Event: 3.943 loading class java/util/Vector$Itr done
Event: 4.017 Thread 0x00000165eba0f830 Thread added: 0x00000165eba0f830
Event: 4.031 loading class java/io/UnsupportedEncodingException
Event: 4.031 loading class java/io/UnsupportedEncodingException done
Event: 4.036 loading class java/io/Console
Event: 4.037 loading class java/io/Console done
Event: 4.085 loading class sun/nio/cs/IBM437
Event: 4.086 loading class sun/nio/cs/IBM437 done
Event: 4.086 loading class java/io/Console$2
Event: 4.086 loading class jdk/internal/access/JavaIOAccess
Event: 4.086 loading class jdk/internal/access/JavaIOAccess done
Event: 4.086 loading class java/io/Console$2 done


Dynamic libraries:
0x00007ff6a4140000 - 0x00007ff6a4150000 	C:\Program Files\Java\jdk-17.0.2\bin\java.exe
0x00007fff336c0000 - 0x00007fff338b0000 	C:\WINDOWS\SYSTEM32\ntdll.dll
0x00007fff33320000 - 0x00007fff333d2000 	C:\WINDOWS\System32\KERNEL32.DLL
0x00007fff31130000 - 0x00007fff313d5000 	C:\WINDOWS\System32\KERNELBASE.dll
0x00007fff31030000 - 0x00007fff3112a000 	C:\WINDOWS\System32\ucrtbase.dll
0x00007fff21f30000 - 0x00007fff21f4a000 	C:\Program Files\Java\jdk-17.0.2\bin\VCRUNTIME140.dll
0x00007fff1f410000 - 0x00007fff1f428000 	C:\Program Files\Java\jdk-17.0.2\bin\jli.dll
0x00007fff31d40000 - 0x00007fff31de3000 	C:\WINDOWS\System32\ADVAPI32.dll
0x00007fff33240000 - 0x00007fff332de000 	C:\WINDOWS\System32\msvcrt.dll
0x00007fff31a00000 - 0x00007fff31a97000 	C:\WINDOWS\System32\sechost.dll
0x00007fff325b0000 - 0x00007fff326d0000 	C:\WINDOWS\System32\RPCRT4.dll
0x00007fff328e0000 - 0x00007fff32a74000 	C:\WINDOWS\System32\USER32.dll
0x00007fff30eb0000 - 0x00007fff30ed1000 	C:\WINDOWS\System32\win32u.dll
0x00007fff332e0000 - 0x00007fff33306000 	C:\WINDOWS\System32\GDI32.dll
0x00007fff31530000 - 0x00007fff316c6000 	C:\WINDOWS\System32\gdi32full.dll
0x00007fff316d0000 - 0x00007fff3176e000 	C:\WINDOWS\System32\msvcp_win.dll
0x00007fff204a0000 - 0x00007fff20724000 	C:\WINDOWS\WinSxS\amd64_microsoft.windows.common-controls_6595b64144ccf1df_6.0.18362.1256_none_9e7e379be45e40e2\COMCTL32.dll
0x00007fff32260000 - 0x00007fff32596000 	C:\WINDOWS\System32\combase.dll
0x00007fff30690000 - 0x00007fff30711000 	C:\WINDOWS\System32\bcryptPrimitives.dll
0x00007fff296e0000 - 0x00007fff296ea000 	C:\WINDOWS\SYSTEM32\VERSION.dll
0x00007fff33510000 - 0x00007fff3353e000 	C:\WINDOWS\System32\IMM32.DLL
0x00007fff23280000 - 0x00007fff2328c000 	C:\Program Files\Java\jdk-17.0.2\bin\vcruntime140_1.dll
0x00007fff010a0000 - 0x00007fff0112d000 	C:\Program Files\Java\jdk-17.0.2\bin\msvcp140.dll
0x00007ffeccac0000 - 0x00007ffecd681000 	C:\Program Files\Java\jdk-17.0.2\bin\server\jvm.dll
0x00007fff31bc0000 - 0x00007fff31bc8000 	C:\WINDOWS\System32\PSAPI.DLL
0x00007fff20e80000 - 0x00007fff20e89000 	C:\WINDOWS\SYSTEM32\WSOCK32.dll
0x00007fff290e0000 - 0x00007fff29104000 	C:\WINDOWS\SYSTEM32\WINMM.dll
0x00007fff31c50000 - 0x00007fff31cbf000 	C:\WINDOWS\System32\WS2_32.dll
0x00007fff290b0000 - 0x00007fff290dd000 	C:\WINDOWS\SYSTEM32\winmmbase.dll
0x00007fff31490000 - 0x00007fff314da000 	C:\WINDOWS\System32\cfgmgr32.dll
0x00007fff30570000 - 0x00007fff30581000 	C:\WINDOWS\System32\kernel.appcore.dll
0x00007fff21e60000 - 0x00007fff21e6a000 	C:\Program Files\Java\jdk-17.0.2\bin\jimage.dll
0x00007fff2ee60000 - 0x00007fff2f054000 	C:\WINDOWS\SYSTEM32\DBGHELP.DLL
0x00007fff1d6d0000 - 0x00007fff1d6fa000 	C:\WINDOWS\SYSTEM32\dbgcore.DLL
0x00007fff0bac0000 - 0x00007fff0bae5000 	C:\Program Files\Java\jdk-17.0.2\bin\java.dll
0x00007fff00db0000 - 0x00007fff00e86000 	C:\Program Files\Java\jdk-17.0.2\bin\jsvml.dll
0x00007fff32a80000 - 0x00007fff33167000 	C:\WINDOWS\System32\SHELL32.dll
0x00007fff333e0000 - 0x00007fff33489000 	C:\WINDOWS\System32\shcore.dll
0x00007fff30720000 - 0x00007fff30ea1000 	C:\WINDOWS\System32\windows.storage.dll
0x00007fff30600000 - 0x00007fff30623000 	C:\WINDOWS\System32\profapi.dll
0x00007fff30590000 - 0x00007fff305da000 	C:\WINDOWS\System32\powrprof.dll
0x00007fff30560000 - 0x00007fff30570000 	C:\WINDOWS\System32\UMPDC.dll
0x00007fff31770000 - 0x00007fff317c2000 	C:\WINDOWS\System32\shlwapi.dll
0x00007fff31510000 - 0x00007fff31527000 	C:\WINDOWS\System32\cryptsp.dll
0x00007fff04fc0000 - 0x00007fff04fd9000 	C:\Program Files\Java\jdk-17.0.2\bin\net.dll
0x00007fff24030000 - 0x00007fff24120000 	C:\WINDOWS\SYSTEM32\WINHTTP.dll
0x00007fff2fdb0000 - 0x00007fff2fe17000 	C:\WINDOWS\system32\mswsock.dll
0x00007fff03460000 - 0x00007fff03476000 	C:\Program Files\Java\jdk-17.0.2\bin\nio.dll
0x00007fff01080000 - 0x00007fff01098000 	C:\Program Files\Java\jdk-17.0.2\bin\zip.dll
0x00007fff2c810000 - 0x00007fff2c819000 	C:\Program Files\Java\jdk-17.0.2\bin\management.dll
0x00007fff2c800000 - 0x00007fff2c80b000 	C:\Program Files\Java\jdk-17.0.2\bin\management_ext.dll

dbghelp: loaded successfully - version: 4.0.5 - missing functions: none
symbol engine: initialized successfully - sym options: 0x614 - pdb path: .;C:\Program Files\Java\jdk-17.0.2\bin;C:\WINDOWS\SYSTEM32;C:\WINDOWS\WinSxS\amd64_microsoft.windows.common-controls_6595b64144ccf1df_6.0.18362.1256_none_9e7e379be45e40e2;C:\Program Files\Java\jdk-17.0.2\bin\server

VM Arguments:
jvm_args: -Dfile.encoding=windows-1252 -Duser.country=US -Duser.language=en -Duser.variant 
java_command: com.portalprojectstool.DBGenerator
java_class_path (initial): D:\SQL2019\SPRING_BOOT\quan_ly_du_an\Back_End\build\classes\java\main;D:\SQL2019\SPRING_BOOT\quan_ly_du_an\Back_End\build\resources\main;C:\Users\Admin\.gradle\caches\modules-2\files-2.1\org.springframework.boot\spring-boot-devtools\3.0.2\8e74cf503d8f8b66960ecf3780446c5750866aa6\spring-boot-devtools-3.0.2.jar;C:\Users\Admin\.gradle\caches\modules-2\files-2.1\org.springframework.boot\spring-boot-starter-data-jpa\3.0.2\fc0dbe82effb33d3d89b4cf2ec6b7968ad2af558\spring-boot-starter-data-jpa-3.0.2.jar;C:\Users\Admin\.gradle\caches\modules-2\files-2.1\org.springframework.boot\spring-boot-starter-websocket\3.0.2\5821185ac80a248c407f610cb2038e1e7ce5430a\spring-boot-starter-websocket-3.0.2.jar;C:\Users\Admin\.gradle\caches\modules-2\files-2.1\org.springframework.boot\spring-boot-starter-web\3.0.2\3f6a2cb4cb11bac3611f5a95e234589eb190dd29\spring-boot-starter-web-3.0.2.jar;C:\Users\Admin\.gradle\caches\modules-2\files-2.1\org.springframework.boot\spring-boot-starter-validation\3.0.4\c3f185a4d31634c0bd92956a13ffd718d1026b33\spring-boot-starter-validation-3.0.4.jar;C:\Users\Admin\.gradle\caches\modules-2\files-2.1\com.google.code.gson\gson\2.9.0\8a1167e089096758b49f9b34066ef98b2f4b37aa\gson-2.9.0.jar;C:\Users\Admin\.gradle\caches\modules-2\files-2.1\log4j\log4j\1.2.17\5af35056b4d257e4b64b9e8069c0746e8b08629f\log4j-1.2.17.jar;C:\Users\Admin\.gradle\caches\modules-2\files-2.1\org.springframework.data\spring-data-rest-core\2.1.0.RELEASE\ecb92788af223b63897476045b973fbebeeaf454\spring-data-rest-core-2.1.0.RELEASE.jar;C:\Users\Admin\.gradle\caches\modules-2\files-2.1\com.mysql\mysql-connector-j\8.0.32\41ec3f8cdaccf6c46a47d7cd628eeb59a926d9d4\mysql-connector-j-8.0.32.jar;C:\Users\Admin\.gradle\caches\modules-2\files-2.1\org.springframework.boot\spring-boot-starter-aop\3.0.2\cfb3ff6a7f8d47c9703f140387f39a837b81ab52\spring-boot-starter-aop-3.0.2.jar;C:\Users\Admin\.gradle\caches\modules-2\files-2.1\org.springframework.boot\spring-boot-starter-jdbc\3.0.2\662285
Launcher Type: SUN_STANDARD

[Global flags]
     intx CICompilerCount                          = 3                                         {product} {ergonomic}
     uint ConcGCThreads                            = 1                                         {product} {ergonomic}
     uint G1ConcRefinementThreads                  = 4                                         {product} {ergonomic}
   size_t G1HeapRegionSize                         = 1048576                                   {product} {ergonomic}
    uintx GCDrainStackTargetSize                   = 64                                        {product} {ergonomic}
   size_t InitialHeapSize                          = 67108864                                  {product} {ergonomic}
   size_t MarkStackSize                            = 4194304                                   {product} {ergonomic}
   size_t MaxHeapSize                              = 1048576000                                {product} {ergonomic}
   size_t MaxNewSize                               = 629145600                                 {product} {ergonomic}
   size_t MinHeapDeltaBytes                        = 1048576                                   {product} {ergonomic}
   size_t MinHeapSize                              = 8388608                                   {product} {ergonomic}
    uintx NonNMethodCodeHeapSize                   = 5832780                                {pd product} {ergonomic}
    uintx NonProfiledCodeHeapSize                  = 122912730                              {pd product} {ergonomic}
    uintx ProfiledCodeHeapSize                     = 122912730                              {pd product} {ergonomic}
    uintx ReservedCodeCacheSize                    = 251658240                              {pd product} {ergonomic}
     bool SegmentedCodeCache                       = true                                      {product} {ergonomic}
   size_t SoftMaxHeapSize                          = 1048576000                             {manageable} {ergonomic}
     bool UseCompressedClassPointers               = true                           {product lp64_product} {ergonomic}
     bool UseCompressedOops                        = true                           {product lp64_product} {ergonomic}
     bool UseG1GC                                  = true                                      {product} {ergonomic}
     bool UseLargePagesIndividualAllocation        = false                                  {pd product} {ergonomic}

Logging:
Log output configuration:
 #0: stdout all=warning uptime,level,tags
 #1: stderr all=off uptime,level,tags

Environment Variables:
JAVA_HOME=C:\Program Files\Java\jdk-17.0.2
PATH=C:\Program Files\Common Files\Oracle\Java\javapath;C:\Program Files\Java\jdk-17.0.2\bin;C:\ProgramData\Oracle\Java\javapath;C:\WINDOWS\system32;C:\WINDOWS;C:\WINDOWS\System32\Wbem;C:\WINDOWS\System32\WindowsPowerShell\v1.0\;C:\WINDOWS\System32\OpenSSH\;C:\Program Files\Java\jdk-17.0.1\bin;C:\Program Files\Microsoft SQL Server\Client SDK\ODBC\170\Tools\Binn\;C:\Program Files (x86)\Microsoft SQL Server\150\Tools\Binn\;C:\Program Files\Microsoft SQL Server\150\Tools\Binn\;C:\Program Files\Microsoft SQL Server\150\DTS\Binn\;C:\Program Files (x86)\Microsoft SQL Server\150\DTS\Binn\;C:\Program Files\Azure Data Studio\bin;C:\Program Files\Git\cmd;C:\Program Files\nodejs\;C:\Program Files\MySQL\MySQL Shell 8.0\bin\;C:\Users\Admin\AppData\Local\Microsoft\WindowsApps;C:\Program Files\Azure Data Studio\bin;C:\Users\Admin\AppData\Local\Programs\Microsoft VS Code\bin;D:\SQL2019\SPRING_BOOT\IntelliJ IDEA Community Edition 2022.1.3\bin;D:\SQL2019\Flutter\flutter\bin;D:\SQL2019\Flutter\flutter;C:\Users\Admin\Documents\flutter\bin;C:\Users\Admin\Documents\flutter;;D:\SQL2019\phpstorm\PhpStorm 2022.1.3\bin;;D:\SQL2019\SPRING_BOOT\IntelliJ IDEA 2022.1.3\bin;;C:\Program Files\Azure Data Studio\bin;C:\Program Files\Azure Data Studio\bin;C:\Program Files\Azure Data Studio\bin;C:\Program Files\Azure Data Studio\bin;C:\Program Files\Azure Data Studio\bin;D:\SQL2019\Flutter\flutter;C:\Users\Admin\AppData\Roaming\npm
USERNAME=Hanhlt107
OS=Windows_NT
PROCESSOR_IDENTIFIER=Intel64 Family 6 Model 61 Stepping 4, GenuineIntel



---------------  S Y S T E M  ---------------

OS:
 Windows 10 , 64 bit Build 18362 (10.0.18362.1110)
OS uptime: 1 days 15:34 hours

CPU: total 4 (initial active 4) (2 cores per cpu, 2 threads per core) family 6 model 61 stepping 4 microcode 0x2b, cx8, cmov, fxsr, ht, mmx, 3dnowpref, sse, sse2, sse3, ssse3, sse4.1, sse4.2, popcnt, lzcnt, tsc, tscinvbit, avx, avx2, aes, erms, clmul, bmi1, bmi2, adx, fma, vzeroupper, clflush

Memory: 4k page, system-wide physical 3995M (273M free)
TotalPageFile size 9192M (AvailPageFile size 0M)
current process WorkingSet (physical memory assigned to process): 77M, peak: 77M
current process commit charge ("private bytes"): 158M, peak: 158M

vm_info: Java HotSpot(TM) 64-Bit Server VM (17.0.2+8-LTS-86) for windows-amd64 JRE (17.0.2+8-LTS-86), built on Dec  7 2021 21:51:03 by "mach5one" with MS VC++ 16.8 / 16.9 (VS2019)

END.
